{"/home/travis/build/npmtest/node-npmtest-autolinker/test.js":{"path":"/home/travis/build/npmtest/node-npmtest-autolinker/test.js","s":{"1":2,"2":2,"3":2,"4":2,"5":2,"6":2,"7":2,"8":1,"9":2,"10":2,"11":1,"12":1,"13":1,"14":1,"15":2,"16":2,"17":2,"18":2,"19":1,"20":1,"21":2,"22":2,"23":2,"24":1,"25":1,"26":1,"27":1,"28":1,"29":1,"30":1,"31":1,"32":1,"33":1,"34":1,"35":1,"36":1,"37":1,"38":1,"39":2,"40":2,"41":1,"42":2,"43":2,"44":1,"45":2,"46":2,"47":1,"48":2,"49":2,"50":1,"51":1,"52":1,"53":1,"54":1},"b":{"1":[2,1,1,1],"2":[1,1,1,1],"3":[1,1],"4":[1,1],"5":[1,1],"6":[1,1],"7":[1,1],"8":[1,1],"9":[1,1],"10":[1,1,1],"11":[1,1],"12":[1,1],"13":[1,1],"14":[1,1],"15":[1,1],"16":[1,1],"17":[1,1]},"f":{"1":2,"2":2,"3":2,"4":2,"5":2,"6":1,"7":1,"8":1,"9":2,"10":2,"11":2,"12":2,"13":1},"fnMap":{"1":{"name":"(anonymous_1)","line":12,"loc":{"start":{"line":12,"column":1},"end":{"line":12,"column":13}}},"2":{"name":"(anonymous_2)","line":19,"loc":{"start":{"line":19,"column":5},"end":{"line":19,"column":17}}},"3":{"name":"(anonymous_3)","line":23,"loc":{"start":{"line":23,"column":24},"end":{"line":23,"column":36}}},"4":{"name":"(anonymous_4)","line":61,"loc":{"start":{"line":61,"column":5},"end":{"line":61,"column":17}}},"5":{"name":"(anonymous_5)","line":82,"loc":{"start":{"line":82,"column":5},"end":{"line":82,"column":17}}},"6":{"name":"(anonymous_6)","line":91,"loc":{"start":{"line":91,"column":77},"end":{"line":94,"column":10}}},"7":{"name":"(anonymous_7)","line":112,"loc":{"start":{"line":112,"column":83},"end":{"line":115,"column":10}},"skip":true},"8":{"name":"(anonymous_8)","line":123,"loc":{"start":{"line":123,"column":77},"end":{"line":126,"column":10}},"skip":true},"9":{"name":"(anonymous_9)","line":139,"loc":{"start":{"line":139,"column":12},"end":{"line":139,"column":40}},"skip":true},"10":{"name":"(anonymous_10)","line":147,"loc":{"start":{"line":147,"column":77},"end":{"line":150,"column":10}},"skip":true},"11":{"name":"(anonymous_11)","line":158,"loc":{"start":{"line":158,"column":83},"end":{"line":161,"column":10}},"skip":true},"12":{"name":"(anonymous_12)","line":169,"loc":{"start":{"line":169,"column":79},"end":{"line":172,"column":10}},"skip":true},"13":{"name":"(anonymous_13)","line":180,"loc":{"start":{"line":180,"column":75},"end":{"line":183,"column":10}},"skip":true}},"statementMap":{"1":{"start":{"line":12,"column":0},"end":{"line":195,"column":5}},"2":{"start":{"line":14,"column":4},"end":{"line":14,"column":14}},"3":{"start":{"line":19,"column":4},"end":{"line":56,"column":9}},"4":{"start":{"line":21,"column":8},"end":{"line":21,"column":19}},"5":{"start":{"line":23,"column":8},"end":{"line":35,"column":13}},"6":{"start":{"line":24,"column":12},"end":{"line":34,"column":13}},"7":{"start":{"line":25,"column":16},"end":{"line":28,"column":30}},"8":{"start":{"line":30,"column":16},"end":{"line":33,"column":27}},"9":{"start":{"line":37,"column":8},"end":{"line":39,"column":21}},"10":{"start":{"line":40,"column":8},"end":{"line":53,"column":9}},"11":{"start":{"line":43,"column":12},"end":{"line":46,"column":14}},"12":{"start":{"line":47,"column":12},"end":{"line":47,"column":18}},"13":{"start":{"line":50,"column":12},"end":{"line":51,"column":33}},"14":{"start":{"line":52,"column":12},"end":{"line":52,"column":18}},"15":{"start":{"line":55,"column":8},"end":{"line":55,"column":35}},"16":{"start":{"line":61,"column":4},"end":{"line":63,"column":9}},"17":{"start":{"line":62,"column":8},"end":{"line":62,"column":15}},"18":{"start":{"line":64,"column":4},"end":{"line":77,"column":5}},"19":{"start":{"line":70,"column":8},"end":{"line":70,"column":14}},"20":{"start":{"line":76,"column":8},"end":{"line":76,"column":14}},"21":{"start":{"line":82,"column":4},"end":{"line":84,"column":9}},"22":{"start":{"line":83,"column":8},"end":{"line":83,"column":15}},"23":{"start":{"line":85,"column":4},"end":{"line":194,"column":5}},"24":{"start":{"line":91,"column":8},"end":{"line":99,"column":10}},"25":{"start":{"line":98,"column":12},"end":{"line":98,"column":35}},"26":{"start":{"line":102,"column":8},"end":{"line":104,"column":63}},"27":{"start":{"line":105,"column":8},"end":{"line":105,"column":14}},"28":{"start":{"line":112,"column":8},"end":{"line":121,"column":10},"skip":true},"29":{"start":{"line":119,"column":12},"end":{"line":119,"column":55},"skip":true},"30":{"start":{"line":120,"column":12},"end":{"line":120,"column":48},"skip":true},"31":{"start":{"line":123,"column":8},"end":{"line":136,"column":10},"skip":true},"32":{"start":{"line":130,"column":12},"end":{"line":130,"column":76},"skip":true},"33":{"start":{"line":131,"column":12},"end":{"line":131,"column":73},"skip":true},"34":{"start":{"line":132,"column":12},"end":{"line":132,"column":74},"skip":true},"35":{"start":{"line":133,"column":12},"end":{"line":133,"column":79},"skip":true},"36":{"start":{"line":134,"column":12},"end":{"line":134,"column":25},"skip":true},"37":{"start":{"line":135,"column":12},"end":{"line":135,"column":45},"skip":true},"38":{"start":{"line":138,"column":8},"end":{"line":145,"column":14},"skip":true},"39":{"start":{"line":143,"column":16},"end":{"line":143,"column":29},"skip":true},"40":{"start":{"line":144,"column":16},"end":{"line":144,"column":55},"skip":true},"41":{"start":{"line":147,"column":8},"end":{"line":156,"column":10},"skip":true},"42":{"start":{"line":154,"column":12},"end":{"line":154,"column":25},"skip":true},"43":{"start":{"line":155,"column":12},"end":{"line":155,"column":45},"skip":true},"44":{"start":{"line":158,"column":8},"end":{"line":167,"column":10},"skip":true},"45":{"start":{"line":165,"column":12},"end":{"line":165,"column":25},"skip":true},"46":{"start":{"line":166,"column":12},"end":{"line":166,"column":48},"skip":true},"47":{"start":{"line":169,"column":8},"end":{"line":178,"column":10},"skip":true},"48":{"start":{"line":176,"column":12},"end":{"line":176,"column":25},"skip":true},"49":{"start":{"line":177,"column":12},"end":{"line":177,"column":46},"skip":true},"50":{"start":{"line":180,"column":8},"end":{"line":189,"column":10},"skip":true},"51":{"start":{"line":187,"column":12},"end":{"line":187,"column":94},"skip":true},"52":{"start":{"line":188,"column":12},"end":{"line":188,"column":48},"skip":true},"53":{"start":{"line":192,"column":8},"end":{"line":192,"column":35},"skip":true},"54":{"start":{"line":193,"column":8},"end":{"line":193,"column":14},"skip":true}},"branchMap":{"1":{"line":25,"type":"binary-expr","locations":[{"start":{"line":25,"column":23},"end":{"line":25,"column":62}},{"start":{"line":26,"column":20},"end":{"line":26,"column":70}},{"start":{"line":27,"column":20},"end":{"line":27,"column":71}},{"start":{"line":28,"column":20},"end":{"line":28,"column":29}}]},"2":{"line":30,"type":"binary-expr","locations":[{"start":{"line":30,"column":23},"end":{"line":30,"column":37}},{"start":{"line":31,"column":20},"end":{"line":31,"column":61}},{"start":{"line":32,"column":20},"end":{"line":32,"column":70}},{"start":{"line":33,"column":20},"end":{"line":33,"column":26}}]},"3":{"line":37,"type":"cond-expr","locations":[{"start":{"line":38,"column":14},"end":{"line":38,"column":20}},{"start":{"line":39,"column":14},"end":{"line":39,"column":20}}]},"4":{"line":40,"type":"switch","locations":[{"start":{"line":42,"column":8},"end":{"line":47,"column":18}},{"start":{"line":49,"column":8},"end":{"line":52,"column":18}}]},"5":{"line":44,"type":"binary-expr","locations":[{"start":{"line":44,"column":16},"end":{"line":44,"column":44}},{"start":{"line":44,"column":48},"end":{"line":44,"column":66}}]},"6":{"line":50,"type":"binary-expr","locations":[{"start":{"line":50,"column":21},"end":{"line":50,"column":49}},{"start":{"line":50,"column":53},"end":{"line":50,"column":72}}]},"7":{"line":64,"type":"switch","locations":[{"start":{"line":69,"column":4},"end":{"line":70,"column":14}},{"start":{"line":75,"column":4},"end":{"line":76,"column":14}}]},"8":{"line":85,"type":"switch","locations":[{"start":{"line":90,"column":4},"end":{"line":105,"column":14}},{"start":{"line":111,"column":4},"end":{"line":193,"column":14},"skip":true}]},"9":{"line":91,"type":"binary-expr","locations":[{"start":{"line":91,"column":42},"end":{"line":91,"column":73}},{"start":{"line":91,"column":77},"end":{"line":99,"column":9}}]},"10":{"line":102,"type":"binary-expr","locations":[{"start":{"line":102,"column":18},"end":{"line":102,"column":32}},{"start":{"line":103,"column":12},"end":{"line":103,"column":53}},{"start":{"line":104,"column":12},"end":{"line":104,"column":61}}]},"11":{"line":112,"type":"binary-expr","locations":[{"start":{"line":112,"column":45},"end":{"line":112,"column":79},"skip":true},{"start":{"line":112,"column":83},"end":{"line":121,"column":9},"skip":true}]},"12":{"line":123,"type":"binary-expr","locations":[{"start":{"line":123,"column":42},"end":{"line":123,"column":73},"skip":true},{"start":{"line":123,"column":77},"end":{"line":136,"column":9},"skip":true}]},"13":{"line":138,"type":"binary-expr","locations":[{"start":{"line":138,"column":48},"end":{"line":138,"column":85},"skip":true},{"start":{"line":139,"column":12},"end":{"line":145,"column":13},"skip":true}]},"14":{"line":147,"type":"binary-expr","locations":[{"start":{"line":147,"column":42},"end":{"line":147,"column":73},"skip":true},{"start":{"line":147,"column":77},"end":{"line":156,"column":9},"skip":true}]},"15":{"line":158,"type":"binary-expr","locations":[{"start":{"line":158,"column":45},"end":{"line":158,"column":79},"skip":true},{"start":{"line":158,"column":83},"end":{"line":167,"column":9},"skip":true}]},"16":{"line":169,"type":"binary-expr","locations":[{"start":{"line":169,"column":43},"end":{"line":169,"column":75},"skip":true},{"start":{"line":169,"column":79},"end":{"line":178,"column":9},"skip":true}]},"17":{"line":180,"type":"binary-expr","locations":[{"start":{"line":180,"column":41},"end":{"line":180,"column":71},"skip":true},{"start":{"line":180,"column":75},"end":{"line":189,"column":9},"skip":true}]}},"code":["/* istanbul instrument in package npmtest_autolinker */","/*jslint","    bitwise: true,","    browser: true,","    maxerr: 8,","    maxlen: 96,","    node: true,","    nomen: true,","    regexp: true,","    stupid: true","*/","(function () {","    'use strict';","    var local;","","","","    // run shared js-env code - pre-init","    (function () {","        // init local","        local = {};","        // init modeJs","        local.modeJs = (function () {","            try {","                return typeof navigator.userAgent === 'string' &&","                    typeof document.querySelector('body') === 'object' &&","                    typeof XMLHttpRequest.prototype.open === 'function' &&","                    'browser';","            } catch (errorCaughtBrowser) {","                return module.exports &&","                    typeof process.versions.node === 'string' &&","                    typeof require('http').createServer === 'function' &&","                    'node';","            }","        }());","        // init global","        local.global = local.modeJs === 'browser'","            ? window","            : global;","        switch (local.modeJs) {","        // re-init local from window.local","        case 'browser':","            local = local.global.utility2.objectSetDefault(","                local.global.utility2_rollup || local.global.local,","                local.global.utility2","            );","            break;","        // re-init local from example.js","        case 'node':","            local = (local.global.utility2_rollup || require('utility2'))","                .requireReadme();","            break;","        }","        // export local","        local.global.local = local;","    }());","","","","    // run shared js-env code - function","    (function () {","        return;","    }());","    switch (local.modeJs) {","","","","    // run browser js-env code - function","    case 'browser':","        break;","","","","    // run node js-env code - function","    case 'node':","        break;","    }","","","","    // run shared js-env code - post-init","    (function () {","        return;","    }());","    switch (local.modeJs) {","","","","    // run browser js-env code - post-init","    case 'browser':","        local.testCase_browser_nullCase = local.testCase_browser_nullCase || function (","            options,","            onError","        ) {","        /*","         * this function will test browsers's null-case handling-behavior-behavior","         */","            onError(null, options);","        };","","        // run tests","        local.nop(local.modeTest &&","            document.querySelector('#testRunButton1') &&","            document.querySelector('#testRunButton1').click());","        break;","","","","    // run node js-env code - post-init","    /* istanbul ignore next */","    case 'node':","        local.testCase_buildApidoc_default = local.testCase_buildApidoc_default || function (","            options,","            onError","        ) {","        /*","         * this function will test buildApidoc's default handling-behavior-behavior","         */","            options = { modulePathList: module.paths };","            local.buildApidoc(options, onError);","        };","","        local.testCase_buildApp_default = local.testCase_buildApp_default || function (","            options,","            onError","        ) {","        /*","         * this function will test buildApp's default handling-behavior-behavior","         */","            local.testCase_buildReadme_default(options, local.onErrorThrow);","            local.testCase_buildLib_default(options, local.onErrorThrow);","            local.testCase_buildTest_default(options, local.onErrorThrow);","            local.testCase_buildCustomOrg_default(options, local.onErrorThrow);","            options = [];","            local.buildApp(options, onError);","        };","","        local.testCase_buildCustomOrg_default = local.testCase_buildCustomOrg_default ||","            function (options, onError) {","            /*","             * this function will test buildCustomOrg's default handling-behavior","             */","                options = {};","                local.buildCustomOrg(options, onError);","            };","","        local.testCase_buildLib_default = local.testCase_buildLib_default || function (","            options,","            onError","        ) {","        /*","         * this function will test buildLib's default handling-behavior","         */","            options = {};","            local.buildLib(options, onError);","        };","","        local.testCase_buildReadme_default = local.testCase_buildReadme_default || function (","            options,","            onError","        ) {","        /*","         * this function will test buildReadme's default handling-behavior-behavior","         */","            options = {};","            local.buildReadme(options, onError);","        };","","        local.testCase_buildTest_default = local.testCase_buildTest_default || function (","            options,","            onError","        ) {","        /*","         * this function will test buildTest's default handling-behavior","         */","            options = {};","            local.buildTest(options, onError);","        };","","        local.testCase_webpage_default = local.testCase_webpage_default || function (","            options,","            onError","        ) {","        /*","         * this function will test webpage's default handling-behavior","         */","            options = { modeCoverageMerge: true, url: local.serverLocalHost + '?modeTest=1' };","            local.browserTest(options, onError);","        };","","        // run test-server","        local.testRunServer(local);","        break;","    }","}());",""],"l":{"12":2,"14":2,"19":2,"21":2,"23":2,"24":2,"25":2,"30":1,"37":2,"40":2,"43":1,"47":1,"50":1,"52":1,"55":2,"61":2,"62":2,"64":2,"70":1,"76":1,"82":2,"83":2,"85":2,"91":1,"98":1,"102":1,"105":1,"112":1,"119":1,"120":1,"123":1,"130":1,"131":1,"132":1,"133":1,"134":1,"135":1,"138":1,"143":2,"144":2,"147":1,"154":2,"155":2,"158":1,"165":2,"166":2,"169":1,"176":2,"177":2,"180":1,"187":1,"188":1,"192":1,"193":1}},"/home/travis/build/npmtest/node-npmtest-autolinker/lib.npmtest_autolinker.js":{"path":"/home/travis/build/npmtest/node-npmtest-autolinker/lib.npmtest_autolinker.js","s":{"1":2,"2":2,"3":2,"4":2,"5":2,"6":2,"7":2,"8":1,"9":2,"10":2,"11":2,"12":2,"13":1,"14":1,"15":1,"16":1},"b":{"1":[2,1,1,1],"2":[1,1,1,1],"3":[1,1],"4":[2,2],"5":[1,1]},"f":{"1":2,"2":2,"3":2},"fnMap":{"1":{"name":"(anonymous_1)","line":12,"loc":{"start":{"line":12,"column":1},"end":{"line":12,"column":13}}},"2":{"name":"(anonymous_2)","line":19,"loc":{"start":{"line":19,"column":5},"end":{"line":19,"column":17}}},"3":{"name":"(anonymous_3)","line":23,"loc":{"start":{"line":23,"column":24},"end":{"line":23,"column":36}}}},"statementMap":{"1":{"start":{"line":12,"column":0},"end":{"line":53,"column":5}},"2":{"start":{"line":14,"column":4},"end":{"line":14,"column":14}},"3":{"start":{"line":19,"column":4},"end":{"line":52,"column":9}},"4":{"start":{"line":21,"column":8},"end":{"line":21,"column":19}},"5":{"start":{"line":23,"column":8},"end":{"line":35,"column":13}},"6":{"start":{"line":24,"column":12},"end":{"line":34,"column":13}},"7":{"start":{"line":25,"column":16},"end":{"line":28,"column":30}},"8":{"start":{"line":30,"column":16},"end":{"line":33,"column":27}},"9":{"start":{"line":37,"column":8},"end":{"line":39,"column":21}},"10":{"start":{"line":41,"column":8},"end":{"line":41,"column":54}},"11":{"start":{"line":43,"column":8},"end":{"line":43,"column":55}},"12":{"start":{"line":45,"column":8},"end":{"line":51,"column":9}},"13":{"start":{"line":46,"column":12},"end":{"line":46,"column":61}},"14":{"start":{"line":48,"column":12},"end":{"line":48,"column":35}},"15":{"start":{"line":49,"column":12},"end":{"line":49,"column":49}},"16":{"start":{"line":50,"column":12},"end":{"line":50,"column":43}}},"branchMap":{"1":{"line":25,"type":"binary-expr","locations":[{"start":{"line":25,"column":23},"end":{"line":25,"column":62}},{"start":{"line":26,"column":20},"end":{"line":26,"column":70}},{"start":{"line":27,"column":20},"end":{"line":27,"column":71}},{"start":{"line":28,"column":20},"end":{"line":28,"column":29}}]},"2":{"line":30,"type":"binary-expr","locations":[{"start":{"line":30,"column":23},"end":{"line":30,"column":37}},{"start":{"line":31,"column":20},"end":{"line":31,"column":61}},{"start":{"line":32,"column":20},"end":{"line":32,"column":70}},{"start":{"line":33,"column":20},"end":{"line":33,"column":26}}]},"3":{"line":37,"type":"cond-expr","locations":[{"start":{"line":38,"column":14},"end":{"line":38,"column":20}},{"start":{"line":39,"column":14},"end":{"line":39,"column":20}}]},"4":{"line":41,"type":"binary-expr","locations":[{"start":{"line":41,"column":16},"end":{"line":41,"column":44}},{"start":{"line":41,"column":48},"end":{"line":41,"column":53}}]},"5":{"line":45,"type":"if","locations":[{"start":{"line":45,"column":8},"end":{"line":45,"column":8}},{"start":{"line":45,"column":8},"end":{"line":45,"column":8}}]}},"code":["/* istanbul instrument in package npmtest_autolinker */","/*jslint","    bitwise: true,","    browser: true,","    maxerr: 8,","    maxlen: 96,","    node: true,","    nomen: true,","    regexp: true,","    stupid: true","*/","(function () {","    'use strict';","    var local;","","","","    // run shared js-env code - pre-init","    (function () {","        // init local","        local = {};","        // init modeJs","        local.modeJs = (function () {","            try {","                return typeof navigator.userAgent === 'string' &&","                    typeof document.querySelector('body') === 'object' &&","                    typeof XMLHttpRequest.prototype.open === 'function' &&","                    'browser';","            } catch (errorCaughtBrowser) {","                return module.exports &&","                    typeof process.versions.node === 'string' &&","                    typeof require('http').createServer === 'function' &&","                    'node';","            }","        }());","        // init global","        local.global = local.modeJs === 'browser'","            ? window","            : global;","        // init utility2_rollup","        local = local.global.utility2_rollup || local;","        // init lib","        local.local = local.npmtest_autolinker = local;","        // init exports","        if (local.modeJs === 'browser') {","            local.global.utility2_npmtest_autolinker = local;","        } else {","            module.exports = local;","            module.exports.__dirname = __dirname;","            module.exports.module = module;","        }","    }());","}());",""],"l":{"12":2,"14":2,"19":2,"21":2,"23":2,"24":2,"25":2,"30":1,"37":2,"41":2,"43":2,"45":2,"46":1,"48":1,"49":1,"50":1}},"/home/travis/build/npmtest/node-npmtest-autolinker/example.js":{"path":"/home/travis/build/npmtest/node-npmtest-autolinker/example.js","s":{"1":2,"2":2,"3":2,"4":2,"5":2,"6":2,"7":2,"8":1,"9":2,"10":2,"11":2,"12":2,"13":1,"14":2,"15":2,"16":2,"17":2,"18":2,"19":0,"20":2,"21":1,"22":1,"23":1,"24":1,"25":1,"26":0,"27":0,"28":1,"29":1,"30":2,"31":0,"32":0,"33":0,"34":1,"35":2,"36":2,"37":3,"38":3,"39":3,"40":3,"41":0,"42":3,"43":3,"44":3,"45":1,"46":3,"47":1,"48":1,"49":1,"50":1,"51":1,"52":1,"53":1,"54":1,"55":1,"56":1,"57":0,"58":1,"59":6,"60":6,"61":1,"62":2,"63":0,"64":2,"65":1,"66":1,"67":0,"68":0,"69":0,"70":0,"71":0,"72":0,"73":0,"74":0,"75":0,"76":0,"77":0,"78":0,"79":0,"80":0,"81":0,"82":0,"83":0},"b":{"1":[2,1,1,1],"2":[1,1,1,1],"3":[1,1],"4":[2,2],"5":[1,1],"6":[1,1],"7":[2,0],"8":[2,1,1,1,1,1],"9":[0,2,0],"10":[1,1],"11":[2,1,1],"12":[1,0],"13":[0,2],"14":[2,0,0,0,0,0,0],"15":[0,3],"16":[3,0],"17":[1,1],"18":[0,1],"19":[1,2,0,2],"20":[1,0],"21":[1,1],"22":[0,0],"23":[0,0],"24":[0,0],"25":[0,0],"26":[0,0],"27":[0,0],"28":[0,0]},"f":{"1":2,"2":2,"3":2,"4":2,"5":2,"6":2,"7":3,"8":3,"9":3,"10":1,"11":6,"12":0},"fnMap":{"1":{"name":"(anonymous_1)","line":26,"loc":{"start":{"line":26,"column":1},"end":{"line":26,"column":13}}},"2":{"name":"(anonymous_2)","line":33,"loc":{"start":{"line":33,"column":5},"end":{"line":33,"column":17}}},"3":{"name":"(anonymous_3)","line":37,"loc":{"start":{"line":37,"column":24},"end":{"line":37,"column":36}}},"4":{"name":"(anonymous_4)","line":69,"loc":{"start":{"line":69,"column":31},"end":{"line":69,"column":48}},"skip":true},"5":{"name":"(anonymous_5)","line":78,"loc":{"start":{"line":78,"column":26},"end":{"line":78,"column":45}},"skip":true},"6":{"name":"(anonymous_6)","line":123,"loc":{"start":{"line":123,"column":33},"end":{"line":123,"column":48}},"skip":true},"7":{"name":"(anonymous_7)","line":125,"loc":{"start":{"line":125,"column":27},"end":{"line":125,"column":39}},"skip":true},"8":{"name":"(anonymous_8)","line":133,"loc":{"start":{"line":133,"column":59},"end":{"line":133,"column":74}},"skip":true},"9":{"name":"(anonymous_9)","line":143,"loc":{"start":{"line":143,"column":45},"end":{"line":143,"column":62}},"skip":true},"10":{"name":"(anonymous_10)","line":144,"loc":{"start":{"line":144,"column":73},"end":{"line":144,"column":92}},"skip":true},"11":{"name":"(anonymous_11)","line":272,"loc":{"start":{"line":272,"column":51},"end":{"line":272,"column":77}},"skip":true},"12":{"name":"(anonymous_12)","line":315,"loc":{"start":{"line":315,"column":32},"end":{"line":315,"column":61}},"skip":true}},"statementMap":{"1":{"start":{"line":26,"column":0},"end":{"line":326,"column":5}},"2":{"start":{"line":28,"column":4},"end":{"line":28,"column":14}},"3":{"start":{"line":33,"column":4},"end":{"line":60,"column":9}},"4":{"start":{"line":35,"column":8},"end":{"line":35,"column":19}},"5":{"start":{"line":37,"column":8},"end":{"line":49,"column":13}},"6":{"start":{"line":38,"column":12},"end":{"line":48,"column":13}},"7":{"start":{"line":39,"column":16},"end":{"line":42,"column":30}},"8":{"start":{"line":44,"column":16},"end":{"line":47,"column":27}},"9":{"start":{"line":51,"column":8},"end":{"line":53,"column":21}},"10":{"start":{"line":55,"column":8},"end":{"line":57,"column":45}},"11":{"start":{"line":59,"column":8},"end":{"line":59,"column":35}},"12":{"start":{"line":61,"column":4},"end":{"line":325,"column":5}},"13":{"start":{"line":69,"column":8},"end":{"line":121,"column":10},"skip":true},"14":{"start":{"line":70,"column":12},"end":{"line":88,"column":13},"skip":true},"15":{"start":{"line":76,"column":16},"end":{"line":87,"column":19},"skip":true},"16":{"start":{"line":79,"column":20},"end":{"line":86,"column":21},"skip":true},"17":{"start":{"line":82,"column":24},"end":{"line":82,"column":43},"skip":true},"18":{"start":{"line":83,"column":24},"end":{"line":83,"column":30},"skip":true},"19":{"start":{"line":85,"column":24},"end":{"line":85,"column":49},"skip":true},"20":{"start":{"line":89,"column":12},"end":{"line":107,"column":13},"skip":true},"21":{"start":{"line":92,"column":16},"end":{"line":102,"column":17},"skip":true},"22":{"start":{"line":93,"column":20},"end":{"line":93,"column":86},"skip":true},"23":{"start":{"line":94,"column":20},"end":{"line":95,"column":45},"skip":true},"24":{"start":{"line":96,"column":20},"end":{"line":96,"column":42},"skip":true},"25":{"start":{"line":97,"column":20},"end":{"line":97,"column":48},"skip":true},"26":{"start":{"line":100,"column":20},"end":{"line":100,"column":85},"skip":true},"27":{"start":{"line":101,"column":20},"end":{"line":101,"column":96},"skip":true},"28":{"start":{"line":103,"column":16},"end":{"line":103,"column":22},"skip":true},"29":{"start":{"line":106,"column":16},"end":{"line":106,"column":22},"skip":true},"30":{"start":{"line":108,"column":12},"end":{"line":120,"column":13},"skip":true},"31":{"start":{"line":114,"column":16},"end":{"line":119,"column":17},"skip":true},"32":{"start":{"line":116,"column":20},"end":{"line":116,"column":78},"skip":true},"33":{"start":{"line":118,"column":20},"end":{"line":118,"column":47},"skip":true},"34":{"start":{"line":123,"column":8},"end":{"line":141,"column":11},"skip":true},"35":{"start":{"line":124,"column":12},"end":{"line":124,"column":54},"skip":true},"36":{"start":{"line":125,"column":12},"end":{"line":140,"column":14},"skip":true},"37":{"start":{"line":126,"column":16},"end":{"line":126,"column":28},"skip":true},"38":{"start":{"line":127,"column":16},"end":{"line":127,"column":69},"skip":true},"39":{"start":{"line":128,"column":16},"end":{"line":128,"column":75},"skip":true},"40":{"start":{"line":129,"column":16},"end":{"line":131,"column":17},"skip":true},"41":{"start":{"line":130,"column":20},"end":{"line":130,"column":27},"skip":true},"42":{"start":{"line":133,"column":16},"end":{"line":137,"column":36},"skip":true},"43":{"start":{"line":134,"column":20},"end":{"line":136,"column":55},"skip":true},"44":{"start":{"line":139,"column":16},"end":{"line":139,"column":57},"skip":true},"45":{"start":{"line":143,"column":8},"end":{"line":147,"column":11},"skip":true},"46":{"start":{"line":144,"column":12},"end":{"line":146,"column":15},"skip":true},"47":{"start":{"line":145,"column":16},"end":{"line":145,"column":70},"skip":true},"48":{"start":{"line":149,"column":8},"end":{"line":149,"column":31},"skip":true},"49":{"start":{"line":150,"column":8},"end":{"line":150,"column":14},"skip":true},"50":{"start":{"line":158,"column":8},"end":{"line":158,"column":31},"skip":true},"51":{"start":{"line":160,"column":8},"end":{"line":160,"column":33},"skip":true},"52":{"start":{"line":161,"column":8},"end":{"line":161,"column":37},"skip":true},"53":{"start":{"line":162,"column":8},"end":{"line":162,"column":35},"skip":true},"54":{"start":{"line":164,"column":8},"end":{"line":164,"column":50},"skip":true},"55":{"start":{"line":166,"column":8},"end":{"line":256,"column":2},"skip":true},"56":{"start":{"line":258,"column":8},"end":{"line":286,"column":9},"skip":true},"57":{"start":{"line":259,"column":12},"end":{"line":269,"column":14},"skip":true},"58":{"start":{"line":271,"column":12},"end":{"line":285,"column":19},"skip":true},"59":{"start":{"line":274,"column":20},"end":{"line":274,"column":35},"skip":true},"60":{"start":{"line":275,"column":20},"end":{"line":284,"column":21},"skip":true},"61":{"start":{"line":277,"column":24},"end":{"line":277,"column":64},"skip":true},"62":{"start":{"line":279,"column":24},"end":{"line":279,"column":40},"skip":true},"63":{"start":{"line":281,"column":24},"end":{"line":281,"column":40},"skip":true},"64":{"start":{"line":283,"column":24},"end":{"line":283,"column":39},"skip":true},"65":{"start":{"line":288,"column":8},"end":{"line":290,"column":9},"skip":true},"66":{"start":{"line":289,"column":12},"end":{"line":289,"column":18},"skip":true},"67":{"start":{"line":291,"column":8},"end":{"line":293,"column":54},"skip":true},"68":{"start":{"line":296,"column":8},"end":{"line":301,"column":37},"skip":true},"69":{"start":{"line":303,"column":8},"end":{"line":303,"column":82},"skip":true},"70":{"start":{"line":306,"column":8},"end":{"line":308,"column":9},"skip":true},"71":{"start":{"line":307,"column":12},"end":{"line":307,"column":82},"skip":true},"72":{"start":{"line":310,"column":8},"end":{"line":312,"column":9},"skip":true},"73":{"start":{"line":311,"column":12},"end":{"line":311,"column":18},"skip":true},"74":{"start":{"line":313,"column":8},"end":{"line":313,"column":54},"skip":true},"75":{"start":{"line":314,"column":8},"end":{"line":314,"column":69},"skip":true},"76":{"start":{"line":315,"column":8},"end":{"line":323,"column":36},"skip":true},"77":{"start":{"line":316,"column":12},"end":{"line":316,"column":61},"skip":true},"78":{"start":{"line":317,"column":12},"end":{"line":320,"column":13},"skip":true},"79":{"start":{"line":318,"column":16},"end":{"line":318,"column":75},"skip":true},"80":{"start":{"line":319,"column":16},"end":{"line":319,"column":23},"skip":true},"81":{"start":{"line":321,"column":12},"end":{"line":321,"column":38},"skip":true},"82":{"start":{"line":322,"column":12},"end":{"line":322,"column":27},"skip":true},"83":{"start":{"line":324,"column":8},"end":{"line":324,"column":14},"skip":true}},"branchMap":{"1":{"line":39,"type":"binary-expr","locations":[{"start":{"line":39,"column":23},"end":{"line":39,"column":62}},{"start":{"line":40,"column":20},"end":{"line":40,"column":70}},{"start":{"line":41,"column":20},"end":{"line":41,"column":71}},{"start":{"line":42,"column":20},"end":{"line":42,"column":29}}]},"2":{"line":44,"type":"binary-expr","locations":[{"start":{"line":44,"column":23},"end":{"line":44,"column":37}},{"start":{"line":45,"column":20},"end":{"line":45,"column":61}},{"start":{"line":46,"column":20},"end":{"line":46,"column":70}},{"start":{"line":47,"column":20},"end":{"line":47,"column":26}}]},"3":{"line":51,"type":"cond-expr","locations":[{"start":{"line":52,"column":14},"end":{"line":52,"column":20}},{"start":{"line":53,"column":14},"end":{"line":53,"column":20}}]},"4":{"line":55,"type":"binary-expr","locations":[{"start":{"line":55,"column":16},"end":{"line":55,"column":44}},{"start":{"line":55,"column":49},"end":{"line":57,"column":43}}]},"5":{"line":55,"type":"cond-expr","locations":[{"start":{"line":56,"column":14},"end":{"line":56,"column":54}},{"start":{"line":57,"column":14},"end":{"line":57,"column":43}}]},"6":{"line":61,"type":"switch","locations":[{"start":{"line":68,"column":4},"end":{"line":150,"column":14},"skip":true},{"start":{"line":156,"column":4},"end":{"line":324,"column":14},"skip":true}]},"7":{"line":70,"type":"if","locations":[{"start":{"line":70,"column":12},"end":{"line":70,"column":12},"skip":true},{"start":{"line":70,"column":12},"end":{"line":70,"column":12},"skip":true}]},"8":{"line":70,"type":"binary-expr","locations":[{"start":{"line":70,"column":16},"end":{"line":70,"column":22},"skip":true},{"start":{"line":70,"column":27},"end":{"line":70,"column":32},"skip":true},{"start":{"line":71,"column":20},"end":{"line":71,"column":39},"skip":true},{"start":{"line":72,"column":20},"end":{"line":72,"column":49},"skip":true},{"start":{"line":73,"column":20},"end":{"line":73,"column":58},"skip":true},{"start":{"line":74,"column":20},"end":{"line":74,"column":69},"skip":true}]},"9":{"line":79,"type":"switch","locations":[{"start":{"line":80,"column":20},"end":{"line":80,"column":33},"skip":true},{"start":{"line":81,"column":20},"end":{"line":83,"column":30},"skip":true},{"start":{"line":84,"column":20},"end":{"line":85,"column":49},"skip":true}]},"10":{"line":89,"type":"switch","locations":[{"start":{"line":90,"column":12},"end":{"line":103,"column":22},"skip":true},{"start":{"line":105,"column":12},"end":{"line":106,"column":22},"skip":true}]},"11":{"line":89,"type":"binary-expr","locations":[{"start":{"line":89,"column":20},"end":{"line":89,"column":25},"skip":true},{"start":{"line":89,"column":29},"end":{"line":89,"column":48},"skip":true},{"start":{"line":89,"column":52},"end":{"line":89,"column":74},"skip":true}]},"12":{"line":92,"type":"if","locations":[{"start":{"line":92,"column":16},"end":{"line":92,"column":16},"skip":true},{"start":{"line":92,"column":16},"end":{"line":92,"column":16},"skip":true}]},"13":{"line":108,"type":"if","locations":[{"start":{"line":108,"column":12},"end":{"line":108,"column":12},"skip":true},{"start":{"line":108,"column":12},"end":{"line":108,"column":12},"skip":true}]},"14":{"line":108,"type":"binary-expr","locations":[{"start":{"line":108,"column":16},"end":{"line":108,"column":61},"skip":true},{"start":{"line":108,"column":66},"end":{"line":108,"column":72},"skip":true},{"start":{"line":108,"column":77},"end":{"line":108,"column":82},"skip":true},{"start":{"line":109,"column":20},"end":{"line":109,"column":39},"skip":true},{"start":{"line":110,"column":20},"end":{"line":110,"column":49},"skip":true},{"start":{"line":111,"column":20},"end":{"line":111,"column":58},"skip":true},{"start":{"line":112,"column":20},"end":{"line":112,"column":68},"skip":true}]},"15":{"line":129,"type":"if","locations":[{"start":{"line":129,"column":16},"end":{"line":129,"column":16},"skip":true},{"start":{"line":129,"column":16},"end":{"line":129,"column":16},"skip":true}]},"16":{"line":134,"type":"cond-expr","locations":[{"start":{"line":135,"column":26},"end":{"line":135,"column":29},"skip":true},{"start":{"line":136,"column":26},"end":{"line":136,"column":54},"skip":true}]},"17":{"line":164,"type":"binary-expr","locations":[{"start":{"line":164,"column":27},"end":{"line":164,"column":43},"skip":true},{"start":{"line":164,"column":47},"end":{"line":164,"column":49},"skip":true}]},"18":{"line":258,"type":"if","locations":[{"start":{"line":258,"column":8},"end":{"line":258,"column":8},"skip":true},{"start":{"line":258,"column":8},"end":{"line":258,"column":8},"skip":true}]},"19":{"line":275,"type":"switch","locations":[{"start":{"line":276,"column":20},"end":{"line":277,"column":64},"skip":true},{"start":{"line":278,"column":20},"end":{"line":279,"column":40},"skip":true},{"start":{"line":280,"column":20},"end":{"line":281,"column":40},"skip":true},{"start":{"line":282,"column":20},"end":{"line":283,"column":39},"skip":true}]},"20":{"line":288,"type":"if","locations":[{"start":{"line":288,"column":8},"end":{"line":288,"column":8},"skip":true},{"start":{"line":288,"column":8},"end":{"line":288,"column":8},"skip":true}]},"21":{"line":288,"type":"binary-expr","locations":[{"start":{"line":288,"column":12},"end":{"line":288,"column":40},"skip":true},{"start":{"line":288,"column":44},"end":{"line":288,"column":67},"skip":true}]},"22":{"line":292,"type":"binary-expr","locations":[{"start":{"line":292,"column":12},"end":{"line":292,"column":50},"skip":true},{"start":{"line":293,"column":12},"end":{"line":293,"column":53},"skip":true}]},"23":{"line":297,"type":"binary-expr","locations":[{"start":{"line":297,"column":12},"end":{"line":297,"column":68},"skip":true},{"start":{"line":298,"column":12},"end":{"line":301,"column":36},"skip":true}]},"24":{"line":303,"type":"binary-expr","locations":[{"start":{"line":303,"column":43},"end":{"line":303,"column":75},"skip":true},{"start":{"line":303,"column":79},"end":{"line":303,"column":81},"skip":true}]},"25":{"line":306,"type":"if","locations":[{"start":{"line":306,"column":8},"end":{"line":306,"column":8},"skip":true},{"start":{"line":306,"column":8},"end":{"line":306,"column":8},"skip":true}]},"26":{"line":310,"type":"if","locations":[{"start":{"line":310,"column":8},"end":{"line":310,"column":8},"skip":true},{"start":{"line":310,"column":8},"end":{"line":310,"column":8},"skip":true}]},"27":{"line":313,"type":"binary-expr","locations":[{"start":{"line":313,"column":27},"end":{"line":313,"column":43},"skip":true},{"start":{"line":313,"column":47},"end":{"line":313,"column":53},"skip":true}]},"28":{"line":317,"type":"if","locations":[{"start":{"line":317,"column":12},"end":{"line":317,"column":12},"skip":true},{"start":{"line":317,"column":12},"end":{"line":317,"column":12},"skip":true}]}},"code":["/*","example.js","","quickstart example","","instruction","    1. save this script as example.js","    2. run the shell command:","        $ npm install npmtest-autolinker && PORT=8081 node example.js","    3. play with the browser-demo on http://127.0.0.1:8081","*/","","","","/* istanbul instrument in package npmtest_autolinker */","/*jslint","    bitwise: true,","    browser: true,","    maxerr: 8,","    maxlen: 96,","    node: true,","    nomen: true,","    regexp: true,","    stupid: true","*/","(function () {","    'use strict';","    var local;","","","","    // run shared js-env code - pre-init","    (function () {","        // init local","        local = {};","        // init modeJs","        local.modeJs = (function () {","            try {","                return typeof navigator.userAgent === 'string' &&","                    typeof document.querySelector('body') === 'object' &&","                    typeof XMLHttpRequest.prototype.open === 'function' &&","                    'browser';","            } catch (errorCaughtBrowser) {","                return module.exports &&","                    typeof process.versions.node === 'string' &&","                    typeof require('http').createServer === 'function' &&","                    'node';","            }","        }());","        // init global","        local.global = local.modeJs === 'browser'","            ? window","            : global;","        // init utility2_rollup","        local = local.global.utility2_rollup || (local.modeJs === 'browser'","            ? local.global.utility2_npmtest_autolinker","            : global.utility2_moduleExports);","        // export local","        local.global.local = local;","    }());","    switch (local.modeJs) {","","","","    // post-init","    // run browser js-env code - post-init","    /* istanbul ignore next */","    case 'browser':","        local.testRunBrowser = function (event) {","            if (!event || (event &&","                    event.currentTarget &&","                    event.currentTarget.className &&","                    event.currentTarget.className.includes &&","                    event.currentTarget.className.includes('onreset'))) {","                // reset output","                Array.from(","                    document.querySelectorAll('body > .resettable')","                ).forEach(function (element) {","                    switch (element.tagName) {","                    case 'INPUT':","                    case 'TEXTAREA':","                        element.value = '';","                        break;","                    default:","                        element.textContent = '';","                    }","                });","            }","            switch (event && event.currentTarget && event.currentTarget.id) {","            case 'testRunButton1':","                // show tests","                if (document.querySelector('#testReportDiv1').style.display === 'none') {","                    document.querySelector('#testReportDiv1').style.display = 'block';","                    document.querySelector('#testRunButton1').textContent =","                        'hide internal test';","                    local.modeTest = true;","                    local.testRunDefault(local);","                // hide tests","                } else {","                    document.querySelector('#testReportDiv1').style.display = 'none';","                    document.querySelector('#testRunButton1').textContent = 'run internal test';","                }","                break;","            // custom-case","            default:","                break;","            }","            if (document.querySelector('#inputTextareaEval1') && (!event || (event &&","                    event.currentTarget &&","                    event.currentTarget.className &&","                    event.currentTarget.className.includes &&","                    event.currentTarget.className.includes('oneval')))) {","                // try to eval input-code","                try {","                    /*jslint evil: true*/","                    eval(document.querySelector('#inputTextareaEval1').value);","                } catch (errorCaught) {","                    console.error(errorCaught);","                }","            }","        };","        // log stderr and stdout to #outputTextareaStdout1","        ['error', 'log'].forEach(function (key) {","            console[key + '_original'] = console[key];","            console[key] = function () {","                var element;","                console[key + '_original'].apply(console, arguments);","                element = document.querySelector('#outputTextareaStdout1');","                if (!element) {","                    return;","                }","                // append text to #outputTextareaStdout1","                element.value += Array.from(arguments).map(function (arg) {","                    return typeof arg === 'string'","                        ? arg","                        : JSON.stringify(arg, null, 4);","                }).join(' ') + '\\n';","                // scroll textarea to bottom","                element.scrollTop = element.scrollHeight;","            };","        });","        // init event-handling","        ['change', 'click', 'keyup'].forEach(function (event) {","            Array.from(document.querySelectorAll('.on' + event)).forEach(function (element) {","                element.addEventListener(event, local.testRunBrowser);","            });","        });","        // run tests","        local.testRunBrowser();","        break;","","","","    // run node js-env code - post-init","    /* istanbul ignore next */","    case 'node':","        // export local","        module.exports = local;","        // require modules","        local.fs = require('fs');","        local.http = require('http');","        local.url = require('url');","        // init assets","        local.assetsDict = local.assetsDict || {};","        /* jslint-ignore-begin */","        local.assetsDict['/assets.index.template.html'] = '\\","<!doctype html>\\n\\","<html lang=\"en\">\\n\\","<head>\\n\\","<meta charset=\"UTF-8\">\\n\\","<meta name=\"viewport\" content=\"width=device-width, initial-scale=1\">\\n\\","<title>{{env.npm_package_name}} (v{{env.npm_package_version}})</title>\\n\\","<style>\\n\\","/*csslint\\n\\","    box-sizing: false,\\n\\","    universal-selector: false\\n\\","*/\\n\\","* {\\n\\","    box-sizing: border-box;\\n\\","}\\n\\","body {\\n\\","    background: #dde;\\n\\","    font-family: Arial, Helvetica, sans-serif;\\n\\","    margin: 2rem;\\n\\","}\\n\\","body > * {\\n\\","    margin-bottom: 1rem;\\n\\","}\\n\\",".utility2FooterDiv {\\n\\","    margin-top: 20px;\\n\\","    text-align: center;\\n\\","}\\n\\","</style>\\n\\","<style>\\n\\","/*csslint\\n\\","*/\\n\\","textarea {\\n\\","    font-family: monospace;\\n\\","    height: 10rem;\\n\\","    width: 100%;\\n\\","}\\n\\","textarea[readonly] {\\n\\","    background: #ddd;\\n\\","}\\n\\","</style>\\n\\","</head>\\n\\","<body>\\n\\","<!-- utility2-comment\\n\\","<div id=\"ajaxProgressDiv1\" style=\"background: #d00; height: 2px; left: 0; margin: 0; padding: 0; position: fixed; top: 0; transition: background 0.5s, width 1.5s; width: 25%;\"></div>\\n\\","utility2-comment -->\\n\\","<h1>\\n\\","<!-- utility2-comment\\n\\","    <a\\n\\","        {{#if env.npm_package_homepage}}\\n\\","        href=\"{{env.npm_package_homepage}}\"\\n\\","        {{/if env.npm_package_homepage}}\\n\\","        target=\"_blank\"\\n\\","    >\\n\\","utility2-comment -->\\n\\","        {{env.npm_package_name}} (v{{env.npm_package_version}})\\n\\","<!-- utility2-comment\\n\\","    </a>\\n\\","utility2-comment -->\\n\\","</h1>\\n\\","<h3>{{env.npm_package_description}}</h3>\\n\\","<!-- utility2-comment\\n\\","<h4><a download href=\"assets.app.js\">download standalone app</a></h4>\\n\\","<button class=\"onclick onreset\" id=\"testRunButton1\">run internal test</button><br>\\n\\","<div id=\"testReportDiv1\" style=\"display: none;\"></div>\\n\\","utility2-comment -->\\n\\","\\n\\","\\n\\","\\n\\","<label>stderr and stdout</label>\\n\\","<textarea class=\"resettable\" id=\"outputTextareaStdout1\" readonly></textarea>\\n\\","<!-- utility2-comment\\n\\","{{#if isRollup}}\\n\\","<script src=\"assets.app.js\"></script>\\n\\","{{#unless isRollup}}\\n\\","utility2-comment -->\\n\\","<script src=\"assets.utility2.rollup.js\"></script>\\n\\","<script src=\"jsonp.utility2._stateInit?callback=window.utility2._stateInit\"></script>\\n\\","<script src=\"assets.npmtest_autolinker.rollup.js\"></script>\\n\\","<script src=\"assets.example.js\"></script>\\n\\","<script src=\"assets.test.js\"></script>\\n\\","<!-- utility2-comment\\n\\","{{/if isRollup}}\\n\\","utility2-comment -->\\n\\","<div class=\"utility2FooterDiv\">\\n\\","    [ this app was created with\\n\\","    <a href=\"https://github.com/kaizhu256/node-utility2\" target=\"_blank\">utility2</a>\\n\\","    ]\\n\\","</div>\\n\\","</body>\\n\\","</html>\\n\\","';","        /* jslint-ignore-end */","        if (local.templateRender) {","            local.assetsDict['/'] = local.templateRender(","                local.assetsDict['/assets.index.template.html'],","                {","                    env: local.objectSetDefault(local.env, {","                        npm_package_description: 'the greatest app in the world!',","                        npm_package_name: 'my-app',","                        npm_package_nameAlias: 'my_app',","                        npm_package_version: '0.0.1'","                    })","                }","            );","        } else {","            local.assetsDict['/'] = local.assetsDict['/assets.index.template.html']","                .replace((/\\{\\{env\\.(\\w+?)\\}\\}/g), function (match0, match1) {","                    // jslint-hack","                    String(match0);","                    switch (match1) {","                    case 'npm_package_description':","                        return 'the greatest app in the world!';","                    case 'npm_package_name':","                        return 'my-app';","                    case 'npm_package_nameAlias':","                        return 'my_app';","                    case 'npm_package_version':","                        return '0.0.1';","                    }","                });","        }","        // run the cli","        if (local.global.utility2_rollup || module !== require.main) {","            break;","        }","        local.assetsDict['/assets.example.js'] =","            local.assetsDict['/assets.example.js'] ||","            local.fs.readFileSync(__filename, 'utf8');","        // bug-workaround - long $npm_package_buildCustomOrg","        /* jslint-ignore-begin */","        local.assetsDict['/assets.npmtest_autolinker.rollup.js'] =","            local.assetsDict['/assets.npmtest_autolinker.rollup.js'] ||","            local.fs.readFileSync(","                local.npmtest_autolinker.__dirname + '/lib.npmtest_autolinker.js',","                'utf8'","            ).replace((/^#!/), '//');","        /* jslint-ignore-end */","        local.assetsDict['/favicon.ico'] = local.assetsDict['/favicon.ico'] || '';","        // if $npm_config_timeout_exit exists,","        // then exit this process after $npm_config_timeout_exit ms","        if (Number(process.env.npm_config_timeout_exit)) {","            setTimeout(process.exit, Number(process.env.npm_config_timeout_exit));","        }","        // start server","        if (local.global.utility2_serverHttp1) {","            break;","        }","        process.env.PORT = process.env.PORT || '8081';","        console.error('server starting on port ' + process.env.PORT);","        local.http.createServer(function (request, response) {","            request.urlParsed = local.url.parse(request.url);","            if (local.assetsDict[request.urlParsed.pathname] !== undefined) {","                response.end(local.assetsDict[request.urlParsed.pathname]);","                return;","            }","            response.statusCode = 404;","            response.end();","        }).listen(process.env.PORT);","        break;","    }","}());",""],"l":{"26":2,"28":2,"33":2,"35":2,"37":2,"38":2,"39":2,"44":1,"51":2,"55":2,"59":2,"61":2,"69":1,"70":2,"76":2,"79":2,"82":2,"83":2,"85":1,"89":2,"92":1,"93":1,"94":1,"96":1,"97":1,"100":1,"101":1,"103":1,"106":1,"108":2,"114":1,"116":1,"118":1,"123":1,"124":2,"125":2,"126":3,"127":3,"128":3,"129":3,"130":1,"133":3,"134":3,"139":3,"143":1,"144":3,"145":1,"149":1,"150":1,"158":1,"160":1,"161":1,"162":1,"164":1,"166":1,"258":1,"259":1,"271":1,"274":6,"275":6,"277":1,"279":2,"281":1,"283":2,"288":1,"289":1,"291":1,"296":1,"303":1,"306":1,"307":1,"310":1,"311":1,"313":1,"314":1,"315":1,"316":1,"317":1,"318":1,"319":1,"321":1,"322":1,"324":1}},"/home/travis/build/npmtest/node-npmtest-autolinker/node_modules/autolinker/dist/Autolinker.js":{"path":"/home/travis/build/npmtest/node-npmtest-autolinker/node_modules/autolinker/dist/Autolinker.js","s":{"1":1,"2":1,"3":0,"4":1,"5":1,"6":0,"7":1,"8":0,"9":0,"10":0,"11":0,"12":0,"13":0,"14":0,"15":0,"16":0,"17":0,"18":0,"19":0,"20":0,"21":0,"22":0,"23":0,"24":0,"25":0,"26":0,"27":0,"28":0,"29":0,"30":0,"31":1,"32":0,"33":0,"34":1,"35":0,"36":0,"37":1,"38":1,"39":0,"40":0,"41":0,"42":0,"43":0,"44":0,"45":0,"46":0,"47":0,"48":0,"49":0,"50":0,"51":0,"52":0,"53":0,"54":0,"55":0,"56":0,"57":0,"58":0,"59":0,"60":0,"61":0,"62":0,"63":0,"64":0,"65":0,"66":0,"67":0,"68":0,"69":0,"70":0,"71":0,"72":0,"73":0,"74":0,"75":0,"76":0,"77":0,"78":0,"79":0,"80":0,"81":0,"82":0,"83":0,"84":0,"85":0,"86":0,"87":0,"88":0,"89":0,"90":0,"91":0,"92":0,"93":0,"94":0,"95":0,"96":0,"97":0,"98":0,"99":0,"100":0,"101":0,"102":0,"103":0,"104":0,"105":0,"106":0,"107":0,"108":0,"109":0,"110":0,"111":0,"112":0,"113":0,"114":0,"115":0,"116":0,"117":0,"118":0,"119":0,"120":0,"121":0,"122":0,"123":0,"124":0,"125":0,"126":0,"127":0,"128":0,"129":0,"130":0,"131":0,"132":0,"133":0,"134":0,"135":0,"136":0,"137":0,"138":0,"139":0,"140":0,"141":0,"142":1,"143":1,"144":1,"145":1,"146":1,"147":0,"148":20,"149":102,"150":102,"151":20,"152":0,"153":0,"154":0,"155":0,"156":20,"157":20,"158":20,"159":20,"160":20,"161":13,"162":7,"163":0,"164":20,"165":20,"166":20,"167":20,"168":20,"169":20,"170":0,"171":0,"172":0,"173":0,"174":0,"175":0,"176":0,"177":0,"178":0,"179":0,"180":0,"181":0,"182":0,"183":0,"184":0,"185":0,"186":0,"187":0,"188":0,"189":0,"190":0,"191":0,"192":0,"193":0,"194":0,"195":0,"196":0,"197":1,"198":0,"199":0,"200":0,"201":0,"202":0,"203":0,"204":0,"205":0,"206":0,"207":0,"208":0,"209":0,"210":0,"211":0,"212":0,"213":0,"214":0,"215":0,"216":0,"217":0,"218":0,"219":0,"220":0,"221":0,"222":0,"223":0,"224":0,"225":0,"226":0,"227":0,"228":0,"229":0,"230":0,"231":0,"232":0,"233":0,"234":0,"235":0,"236":0,"237":0,"238":0,"239":0,"240":1,"241":1,"242":1,"243":1,"244":1,"245":1,"246":1,"247":0,"248":0,"249":0,"250":0,"251":0,"252":0,"253":0,"254":0,"255":0,"256":0,"257":0,"258":0,"259":0,"260":0,"261":0,"262":0,"263":0,"264":0,"265":0,"266":0,"267":0,"268":0,"269":0,"270":0,"271":0,"272":0,"273":0,"274":0,"275":0,"276":0,"277":0,"278":0,"279":0,"280":0,"281":1,"282":1,"283":1,"284":0,"285":0,"286":0,"287":0,"288":0,"289":0,"290":0,"291":0,"292":0,"293":0,"294":0,"295":0,"296":0,"297":0,"298":0,"299":0,"300":0,"301":0,"302":0,"303":0,"304":0,"305":0,"306":0,"307":0,"308":0,"309":0,"310":0,"311":0,"312":0,"313":0,"314":0,"315":1,"316":0,"317":0,"318":0,"319":0,"320":0,"321":0,"322":0,"323":1,"324":0,"325":0,"326":1,"327":0,"328":0,"329":0,"330":1,"331":0,"332":1,"333":0,"334":1,"335":0,"336":0,"337":0,"338":0,"339":0,"340":0,"341":0,"342":0,"343":0,"344":0,"345":0,"346":0,"347":0,"348":0,"349":1,"350":0,"351":0,"352":0,"353":0,"354":0,"355":0,"356":0,"357":0,"358":1,"359":0,"360":0,"361":0,"362":0,"363":0,"364":0,"365":0,"366":0,"367":0,"368":0,"369":0,"370":0,"371":0,"372":0,"373":0,"374":1,"375":0,"376":0,"377":0,"378":0,"379":0,"380":0,"381":0,"382":0,"383":0,"384":0,"385":0,"386":1,"387":0,"388":0,"389":0,"390":0,"391":0,"392":0,"393":0,"394":0,"395":0,"396":0,"397":0,"398":0,"399":0,"400":0,"401":0,"402":0,"403":0,"404":0,"405":0,"406":1,"407":0,"408":0,"409":0,"410":0,"411":0,"412":0,"413":0,"414":0,"415":0,"416":0,"417":0,"418":0,"419":0,"420":0,"421":0,"422":0,"423":0,"424":0,"425":0,"426":0,"427":0,"428":0,"429":0,"430":0,"431":0,"432":0,"433":0,"434":0,"435":0,"436":0,"437":0,"438":0,"439":0,"440":0,"441":0,"442":0,"443":0,"444":0,"445":0,"446":0,"447":0,"448":0,"449":0,"450":0,"451":1,"452":1,"453":0,"454":0,"455":0,"456":1,"457":1,"458":1,"459":0,"460":0,"461":0,"462":0,"463":0,"464":1,"465":0,"466":0,"467":0,"468":0,"469":0,"470":0,"471":0,"472":0,"473":0,"474":1,"475":0,"476":0,"477":0,"478":0,"479":0,"480":0,"481":1,"482":0,"483":0,"484":0,"485":0,"486":0,"487":0,"488":0,"489":0,"490":0,"491":0,"492":0,"493":1,"494":1,"495":1,"496":0,"497":0,"498":0,"499":0,"500":0,"501":0,"502":0,"503":0,"504":0,"505":0,"506":0,"507":0,"508":0,"509":0,"510":0,"511":0,"512":0,"513":0,"514":0,"515":0,"516":0,"517":0,"518":0,"519":0,"520":0,"521":0,"522":0,"523":0,"524":0,"525":0,"526":0,"527":0,"528":0,"529":0,"530":0,"531":0,"532":0,"533":0,"534":0,"535":0,"536":0,"537":0,"538":0,"539":0,"540":0,"541":0,"542":0,"543":0,"544":1,"545":0,"546":0,"547":0,"548":0,"549":0,"550":0,"551":0,"552":0,"553":0,"554":0,"555":0,"556":0,"557":0,"558":1,"559":0,"560":1,"561":0,"562":0,"563":0,"564":0,"565":0,"566":0,"567":0,"568":0,"569":0,"570":0,"571":0,"572":0,"573":0,"574":0,"575":0,"576":1,"577":0,"578":0,"579":0,"580":0,"581":0,"582":0,"583":0,"584":0,"585":0,"586":0,"587":0,"588":0,"589":0,"590":0,"591":0,"592":0,"593":0,"594":0,"595":0,"596":0,"597":0,"598":0,"599":0,"600":0,"601":0,"602":0,"603":0,"604":0,"605":0,"606":0,"607":0,"608":0,"609":0,"610":0,"611":0,"612":0,"613":0,"614":0,"615":0,"616":0,"617":0,"618":0,"619":0,"620":0,"621":0,"622":0,"623":0,"624":0,"625":0,"626":0,"627":0,"628":0,"629":0,"630":0,"631":0,"632":0,"633":0,"634":0,"635":0,"636":0,"637":0,"638":0,"639":0,"640":0,"641":0,"642":0,"643":0,"644":0,"645":0,"646":0,"647":0,"648":0,"649":0,"650":0,"651":0,"652":0,"653":0,"654":0,"655":0,"656":0,"657":0,"658":0,"659":0,"660":0,"661":0,"662":0,"663":0,"664":0,"665":0,"666":0,"667":0,"668":0,"669":0,"670":0,"671":0,"672":0,"673":0,"674":0,"675":0,"676":0,"677":0,"678":0,"679":1},"b":{"1":[0,1],"2":[1,0],"3":[1,0],"4":[0,0],"5":[0,0],"6":[0,0],"7":[0,0],"8":[0,0],"9":[0,0],"10":[0,0],"11":[0,0],"12":[0,0,0],"13":[0,0],"14":[0,0,0,0],"15":[0,0],"16":[0,0],"17":[0,0],"18":[0,0],"19":[0,0],"20":[0,0],"21":[0,0],"22":[0,0],"23":[0,0],"24":[0,0],"25":[0,0],"26":[0,0],"27":[0,0],"28":[0,0],"29":[0,0],"30":[0,0],"31":[0,0],"32":[0,0],"33":[0,0],"34":[0,0],"35":[0,0],"36":[0,0],"37":[0,0],"38":[0,0],"39":[0,0],"40":[0,0],"41":[0,0],"42":[0,0],"43":[0,0],"44":[0,0],"45":[0,0],"46":[0,0],"47":[0,0],"48":[0,0],"49":[0,0],"50":[0,0],"51":[0,0],"52":[0,0],"53":[0,0],"54":[0,0],"55":[0,0],"56":[0,0],"57":[102,0],"58":[0,0],"59":[0,0],"60":[13,7],"61":[0,0],"62":[0,0],"63":[0,0],"64":[0,0],"65":[0,0],"66":[0,0],"67":[0,0],"68":[0,0],"69":[0,0],"70":[0,0],"71":[0,0],"72":[0,0],"73":[0,0],"74":[0,0],"75":[0,0],"76":[0,0],"77":[0,0],"78":[0,0],"79":[0,0],"80":[0,0],"81":[0,0],"82":[0,0],"83":[0,0],"84":[0,0],"85":[0,0],"86":[0,0],"87":[0,0],"88":[0,0],"89":[0,0],"90":[0,0],"91":[0,0,0],"92":[0,0],"93":[0,0],"94":[0,0],"95":[0,0],"96":[0,0],"97":[0,0],"98":[0,0],"99":[0,0],"100":[0,0],"101":[0,0],"102":[0,0],"103":[0,0],"104":[0,0],"105":[0,0,0,0],"106":[0,0],"107":[0,0],"108":[0,0],"109":[0,0],"110":[0,0],"111":[0,0,0],"112":[0,0],"113":[0,0],"114":[0,0,0],"115":[0,0],"116":[0,0],"117":[0,0],"118":[0,0],"119":[0,0],"120":[0,0],"121":[0,0,0],"122":[0,0],"123":[0,0],"124":[0,0],"125":[0,0],"126":[0,0],"127":[0,0],"128":[0,0],"129":[0,0],"130":[0,0],"131":[0,0],"132":[0,0],"133":[0,0],"134":[0,0],"135":[0,0],"136":[0,0],"137":[0,0],"138":[0,0],"139":[0,0],"140":[0,0],"141":[0,0],"142":[0,0,0],"143":[0,0],"144":[0,0],"145":[0,0],"146":[0,0],"147":[0,0],"148":[0,0],"149":[0,0,0],"150":[0,0,0],"151":[0,0],"152":[0,0],"153":[0,0],"154":[0,0],"155":[0,0],"156":[0,0],"157":[0,0,0,0,0,0],"158":[0,0],"159":[0,0,0,0],"160":[0,0],"161":[0,0],"162":[0,0],"163":[0,0],"164":[0,0],"165":[0,0],"166":[0,0],"167":[0,0],"168":[0,0],"169":[0,0],"170":[0,0],"171":[0,0],"172":[0,0],"173":[0,0],"174":[0,0],"175":[0,0],"176":[0,0],"177":[0,0],"178":[0,0],"179":[0,0],"180":[0,0],"181":[0,0],"182":[0,0],"183":[0,0],"184":[0,0],"185":[0,0],"186":[0,0],"187":[0,0],"188":[0,0],"189":[0,0],"190":[0,0],"191":[0,0],"192":[0,0],"193":[0,0],"194":[0,0],"195":[0,0],"196":[0,0],"197":[0,0],"198":[0,0],"199":[0,0]},"f":{"1":1,"2":1,"3":0,"4":0,"5":0,"6":0,"7":0,"8":0,"9":0,"10":0,"11":0,"12":0,"13":0,"14":0,"15":0,"16":0,"17":0,"18":0,"19":0,"20":0,"21":0,"22":0,"23":0,"24":0,"25":0,"26":0,"27":20,"28":0,"29":20,"30":20,"31":0,"32":0,"33":0,"34":0,"35":0,"36":0,"37":0,"38":0,"39":0,"40":0,"41":0,"42":0,"43":0,"44":0,"45":0,"46":0,"47":0,"48":0,"49":0,"50":0,"51":0,"52":0,"53":1,"54":0,"55":0,"56":0,"57":0,"58":0,"59":0,"60":1,"61":0,"62":0,"63":0,"64":0,"65":0,"66":0,"67":0,"68":0,"69":0,"70":0,"71":0,"72":0,"73":0,"74":0,"75":0,"76":0,"77":0,"78":0,"79":0,"80":0,"81":0,"82":0,"83":0,"84":0,"85":0,"86":0,"87":0,"88":0,"89":0,"90":0,"91":0,"92":0,"93":0,"94":0,"95":0,"96":0,"97":0,"98":0,"99":0,"100":0,"101":0,"102":0,"103":0,"104":0,"105":0,"106":0,"107":0,"108":0,"109":0,"110":0,"111":0,"112":0,"113":0,"114":0,"115":0,"116":0,"117":0,"118":1,"119":0,"120":0,"121":0,"122":0,"123":0,"124":0,"125":1,"126":0,"127":0,"128":0,"129":0,"130":0,"131":0,"132":0,"133":0,"134":0,"135":0,"136":0,"137":0,"138":0,"139":0,"140":0,"141":0},"fnMap":{"1":{"name":"(anonymous_1)","line":10,"loc":{"start":{"line":10,"column":2},"end":{"line":10,"column":26}}},"2":{"name":"(anonymous_2)","line":18,"loc":{"start":{"line":18,"column":8},"end":{"line":18,"column":19}}},"3":{"name":"(anonymous_3)","line":129,"loc":{"start":{"line":129,"column":17},"end":{"line":129,"column":33}}},"4":{"name":"(anonymous_4)","line":189,"loc":{"start":{"line":189,"column":18},"end":{"line":189,"column":50}}},"5":{"name":"(anonymous_5)","line":229,"loc":{"start":{"line":229,"column":19},"end":{"line":229,"column":51}}},"6":{"name":"(anonymous_6)","line":512,"loc":{"start":{"line":512,"column":20},"end":{"line":512,"column":37}}},"7":{"name":"(anonymous_7)","line":538,"loc":{"start":{"line":538,"column":27},"end":{"line":538,"column":51}}},"8":{"name":"(anonymous_8)","line":563,"loc":{"start":{"line":563,"column":24},"end":{"line":563,"column":45}}},"9":{"name":"(anonymous_9)","line":607,"loc":{"start":{"line":607,"column":9},"end":{"line":607,"column":32}}},"10":{"name":"(anonymous_10)","line":658,"loc":{"start":{"line":658,"column":18},"end":{"line":658,"column":38}}},"11":{"name":"(anonymous_11)","line":660,"loc":{"start":{"line":660,"column":16},"end":{"line":660,"column":33}}},"12":{"name":"(anonymous_12)","line":698,"loc":{"start":{"line":698,"column":25},"end":{"line":698,"column":45}}},"13":{"name":"(anonymous_13)","line":701,"loc":{"start":{"line":701,"column":39},"end":{"line":701,"column":57}}},"14":{"name":"(anonymous_14)","line":702,"loc":{"start":{"line":702,"column":39},"end":{"line":702,"column":57}}},"15":{"name":"(anonymous_15)","line":703,"loc":{"start":{"line":703,"column":39},"end":{"line":703,"column":57}}},"16":{"name":"(anonymous_16)","line":704,"loc":{"start":{"line":704,"column":39},"end":{"line":704,"column":57}}},"17":{"name":"(anonymous_17)","line":706,"loc":{"start":{"line":706,"column":20},"end":{"line":706,"column":34}}},"18":{"name":"(anonymous_18)","line":709,"loc":{"start":{"line":709,"column":20},"end":{"line":709,"column":34}}},"19":{"name":"(anonymous_19)","line":712,"loc":{"start":{"line":712,"column":20},"end":{"line":712,"column":34}}},"20":{"name":"(anonymous_20)","line":740,"loc":{"start":{"line":740,"column":13},"end":{"line":740,"column":38}}},"21":{"name":"(anonymous_21)","line":780,"loc":{"start":{"line":780,"column":8},"end":{"line":780,"column":31}}},"22":{"name":"(anonymous_22)","line":813,"loc":{"start":{"line":813,"column":24},"end":{"line":813,"column":42}}},"23":{"name":"(anonymous_23)","line":845,"loc":{"start":{"line":845,"column":17},"end":{"line":845,"column":28}}},"24":{"name":"(anonymous_24)","line":863,"loc":{"start":{"line":863,"column":15},"end":{"line":863,"column":26}}},"25":{"name":"(anonymous_25)","line":905,"loc":{"start":{"line":905,"column":17},"end":{"line":905,"column":28}}},"26":{"name":"(anonymous_26)","line":944,"loc":{"start":{"line":944,"column":18},"end":{"line":944,"column":29}}},"27":{"name":"(anonymous_27)","line":964,"loc":{"start":{"line":964,"column":10},"end":{"line":964,"column":32}}},"28":{"name":"(anonymous_28)","line":983,"loc":{"start":{"line":983,"column":12},"end":{"line":983,"column":34}}},"29":{"name":"(anonymous_29)","line":1002,"loc":{"start":{"line":1002,"column":10},"end":{"line":1002,"column":45}}},"30":{"name":"(anonymous_30)","line":1005,"loc":{"start":{"line":1005,"column":10},"end":{"line":1005,"column":21}}},"31":{"name":"(anonymous_31)","line":1012,"loc":{"start":{"line":1012,"column":14},"end":{"line":1012,"column":25}}},"32":{"name":"(anonymous_32)","line":1036,"loc":{"start":{"line":1036,"column":12},"end":{"line":1036,"column":56}}},"33":{"name":"(anonymous_33)","line":1060,"loc":{"start":{"line":1060,"column":11},"end":{"line":1060,"column":36}}},"34":{"name":"(anonymous_34)","line":1087,"loc":{"start":{"line":1087,"column":10},"end":{"line":1087,"column":30}}},"35":{"name":"(anonymous_35)","line":1119,"loc":{"start":{"line":1119,"column":19},"end":{"line":1119,"column":47}}},"36":{"name":"(anonymous_36)","line":1144,"loc":{"start":{"line":1144,"column":8},"end":{"line":1144,"column":24}}},"37":{"name":"(anonymous_37)","line":1275,"loc":{"start":{"line":1275,"column":15},"end":{"line":1275,"column":31}}},"38":{"name":"(anonymous_38)","line":1288,"loc":{"start":{"line":1288,"column":14},"end":{"line":1288,"column":34}}},"39":{"name":"(anonymous_39)","line":1299,"loc":{"start":{"line":1299,"column":14},"end":{"line":1299,"column":25}}},"40":{"name":"(anonymous_40)","line":1311,"loc":{"start":{"line":1311,"column":11},"end":{"line":1311,"column":43}}},"41":{"name":"(anonymous_41)","line":1325,"loc":{"start":{"line":1325,"column":11},"end":{"line":1325,"column":32}}},"42":{"name":"(anonymous_42)","line":1336,"loc":{"start":{"line":1336,"column":12},"end":{"line":1336,"column":30}}},"43":{"name":"(anonymous_43)","line":1349,"loc":{"start":{"line":1349,"column":12},"end":{"line":1349,"column":23}}},"44":{"name":"(anonymous_44)","line":1360,"loc":{"start":{"line":1360,"column":12},"end":{"line":1360,"column":33}}},"45":{"name":"(anonymous_45)","line":1371,"loc":{"start":{"line":1371,"column":12},"end":{"line":1371,"column":33}}},"46":{"name":"(anonymous_46)","line":1396,"loc":{"start":{"line":1396,"column":15},"end":{"line":1396,"column":36}}},"47":{"name":"(anonymous_47)","line":1422,"loc":{"start":{"line":1422,"column":12},"end":{"line":1422,"column":23}}},"48":{"name":"(anonymous_48)","line":1433,"loc":{"start":{"line":1433,"column":12},"end":{"line":1433,"column":33}}},"49":{"name":"(anonymous_49)","line":1444,"loc":{"start":{"line":1444,"column":16},"end":{"line":1444,"column":33}}},"50":{"name":"(anonymous_50)","line":1456,"loc":{"start":{"line":1456,"column":16},"end":{"line":1456,"column":27}}},"51":{"name":"(anonymous_51)","line":1466,"loc":{"start":{"line":1466,"column":18},"end":{"line":1466,"column":29}}},"52":{"name":"(anonymous_52)","line":1483,"loc":{"start":{"line":1483,"column":17},"end":{"line":1483,"column":28}}},"53":{"name":"(anonymous_53)","line":1510,"loc":{"start":{"line":1510,"column":23},"end":{"line":1510,"column":34}}},"54":{"name":"(anonymous_54)","line":1642,"loc":{"start":{"line":1642,"column":15},"end":{"line":1642,"column":31}}},"55":{"name":"(anonymous_55)","line":1659,"loc":{"start":{"line":1659,"column":9},"end":{"line":1659,"column":27}}},"56":{"name":"(anonymous_56)","line":1677,"loc":{"start":{"line":1677,"column":15},"end":{"line":1677,"column":33}}},"57":{"name":"(anonymous_57)","line":1721,"loc":{"start":{"line":1721,"column":18},"end":{"line":1721,"column":36}}},"58":{"name":"(anonymous_58)","line":1748,"loc":{"start":{"line":1748,"column":21},"end":{"line":1748,"column":44}}},"59":{"name":"(anonymous_59)","line":1766,"loc":{"start":{"line":1766,"column":14},"end":{"line":1766,"column":37}}},"60":{"name":"(anonymous_60)","line":1815,"loc":{"start":{"line":1815,"column":14},"end":{"line":1815,"column":25}}},"61":{"name":"(anonymous_61)","line":1906,"loc":{"start":{"line":1906,"column":9},"end":{"line":1906,"column":26}}},"62":{"name":"(anonymous_62)","line":1949,"loc":{"start":{"line":1949,"column":32},"end":{"line":1949,"column":49}}},"63":{"name":"(anonymous_63)","line":1972,"loc":{"start":{"line":1972,"column":27},"end":{"line":1972,"column":52}}},"64":{"name":"(anonymous_64)","line":2006,"loc":{"start":{"line":2006,"column":21},"end":{"line":2006,"column":62}}},"65":{"name":"(anonymous_65)","line":2029,"loc":{"start":{"line":2029,"column":21},"end":{"line":2029,"column":72}}},"66":{"name":"(anonymous_66)","line":2049,"loc":{"start":{"line":2049,"column":20},"end":{"line":2049,"column":45}}},"67":{"name":"(anonymous_67)","line":2063,"loc":{"start":{"line":2063,"column":18},"end":{"line":2063,"column":43}}},"68":{"name":"(anonymous_68)","line":2118,"loc":{"start":{"line":2118,"column":15},"end":{"line":2118,"column":31}}},"69":{"name":"(anonymous_69)","line":2141,"loc":{"start":{"line":2141,"column":13},"end":{"line":2141,"column":24}}},"70":{"name":"(anonymous_70)","line":2151,"loc":{"start":{"line":2151,"column":11},"end":{"line":2151,"column":22}}},"71":{"name":"(anonymous_71)","line":2183,"loc":{"start":{"line":2183,"column":11},"end":{"line":2183,"column":22}}},"72":{"name":"(anonymous_72)","line":2193,"loc":{"start":{"line":2193,"column":14},"end":{"line":2193,"column":25}}},"73":{"name":"(anonymous_73)","line":2231,"loc":{"start":{"line":2231,"column":11},"end":{"line":2231,"column":22}}},"74":{"name":"(anonymous_74)","line":2242,"loc":{"start":{"line":2242,"column":14},"end":{"line":2242,"column":25}}},"75":{"name":"(anonymous_75)","line":2253,"loc":{"start":{"line":2253,"column":13},"end":{"line":2253,"column":24}}},"76":{"name":"(anonymous_76)","line":2280,"loc":{"start":{"line":2280,"column":11},"end":{"line":2280,"column":22}}},"77":{"name":"(anonymous_77)","line":2302,"loc":{"start":{"line":2302,"column":11},"end":{"line":2302,"column":22}}},"78":{"name":"(anonymous_78)","line":2366,"loc":{"start":{"line":2366,"column":15},"end":{"line":2366,"column":31}}},"79":{"name":"(anonymous_79)","line":2391,"loc":{"start":{"line":2391,"column":18},"end":{"line":2391,"column":29}}},"80":{"name":"(anonymous_80)","line":2408,"loc":{"start":{"line":2408,"column":13},"end":{"line":2408,"column":32}}},"81":{"name":"(anonymous_81)","line":2419,"loc":{"start":{"line":2419,"column":13},"end":{"line":2419,"column":24}}},"82":{"name":"(anonymous_82)","line":2463,"loc":{"start":{"line":2463,"column":23},"end":{"line":2463,"column":34}}},"83":{"name":"(anonymous_83)","line":2483,"loc":{"start":{"line":2483,"column":12},"end":{"line":2483,"column":23}}},"84":{"name":"(anonymous_84)","line":2512,"loc":{"start":{"line":2512,"column":15},"end":{"line":2512,"column":31}}},"85":{"name":"(anonymous_85)","line":2526,"loc":{"start":{"line":2526,"column":11},"end":{"line":2526,"column":22}}},"86":{"name":"(anonymous_86)","line":2536,"loc":{"start":{"line":2536,"column":12},"end":{"line":2536,"column":23}}},"87":{"name":"(anonymous_87)","line":2546,"loc":{"start":{"line":2546,"column":17},"end":{"line":2546,"column":28}}},"88":{"name":"(anonymous_88)","line":2556,"loc":{"start":{"line":2556,"column":17},"end":{"line":2556,"column":28}}},"89":{"name":"(anonymous_89)","line":2593,"loc":{"start":{"line":2593,"column":15},"end":{"line":2593,"column":31}}},"90":{"name":"(anonymous_90)","line":2609,"loc":{"start":{"line":2609,"column":11},"end":{"line":2609,"column":22}}},"91":{"name":"(anonymous_91)","line":2620,"loc":{"start":{"line":2620,"column":18},"end":{"line":2620,"column":29}}},"92":{"name":"(anonymous_92)","line":2630,"loc":{"start":{"line":2630,"column":14},"end":{"line":2630,"column":25}}},"93":{"name":"(anonymous_93)","line":2640,"loc":{"start":{"line":2640,"column":17},"end":{"line":2640,"column":28}}},"94":{"name":"(anonymous_94)","line":2663,"loc":{"start":{"line":2663,"column":17},"end":{"line":2663,"column":28}}},"95":{"name":"(anonymous_95)","line":2707,"loc":{"start":{"line":2707,"column":15},"end":{"line":2707,"column":31}}},"96":{"name":"(anonymous_96)","line":2723,"loc":{"start":{"line":2723,"column":11},"end":{"line":2723,"column":22}}},"97":{"name":"(anonymous_97)","line":2736,"loc":{"start":{"line":2736,"column":12},"end":{"line":2736,"column":23}}},"98":{"name":"(anonymous_98)","line":2746,"loc":{"start":{"line":2746,"column":17},"end":{"line":2746,"column":28}}},"99":{"name":"(anonymous_99)","line":2756,"loc":{"start":{"line":2756,"column":17},"end":{"line":2756,"column":28}}},"100":{"name":"(anonymous_100)","line":2792,"loc":{"start":{"line":2792,"column":15},"end":{"line":2792,"column":31}}},"101":{"name":"(anonymous_101)","line":2808,"loc":{"start":{"line":2808,"column":11},"end":{"line":2808,"column":22}}},"102":{"name":"(anonymous_102)","line":2818,"loc":{"start":{"line":2818,"column":14},"end":{"line":2818,"column":25}}},"103":{"name":"(anonymous_103)","line":2829,"loc":{"start":{"line":2829,"column":18},"end":{"line":2829,"column":29}}},"104":{"name":"(anonymous_104)","line":2839,"loc":{"start":{"line":2839,"column":17},"end":{"line":2839,"column":28}}},"105":{"name":"(anonymous_105)","line":2857,"loc":{"start":{"line":2857,"column":17},"end":{"line":2857,"column":28}}},"106":{"name":"(anonymous_106)","line":2869,"loc":{"start":{"line":2869,"column":23},"end":{"line":2869,"column":34}}},"107":{"name":"(anonymous_107)","line":2939,"loc":{"start":{"line":2939,"column":15},"end":{"line":2939,"column":31}}},"108":{"name":"(anonymous_108)","line":2999,"loc":{"start":{"line":2999,"column":11},"end":{"line":2999,"column":22}}},"109":{"name":"(anonymous_109)","line":3015,"loc":{"start":{"line":3015,"column":19},"end":{"line":3015,"column":30}}},"110":{"name":"(anonymous_110)","line":3026,"loc":{"start":{"line":3026,"column":10},"end":{"line":3026,"column":21}}},"111":{"name":"(anonymous_111)","line":3045,"loc":{"start":{"line":3045,"column":17},"end":{"line":3045,"column":28}}},"112":{"name":"(anonymous_112)","line":3057,"loc":{"start":{"line":3057,"column":17},"end":{"line":3057,"column":28}}},"113":{"name":"(anonymous_113)","line":3091,"loc":{"start":{"line":3091,"column":21},"end":{"line":3091,"column":37}}},"114":{"name":"(anonymous_114)","line":3104,"loc":{"start":{"line":3104,"column":18},"end":{"line":3104,"column":34}}},"115":{"name":"(anonymous_115)","line":3117,"loc":{"start":{"line":3117,"column":31},"end":{"line":3117,"column":48}}},"116":{"name":"(anonymous_116)","line":3130,"loc":{"start":{"line":3130,"column":23},"end":{"line":3130,"column":46}}},"117":{"name":"(anonymous_117)","line":3170,"loc":{"start":{"line":3170,"column":15},"end":{"line":3170,"column":31}}},"118":{"name":"(anonymous_118)","line":3207,"loc":{"start":{"line":3207,"column":17},"end":{"line":3207,"column":28}}},"119":{"name":"(anonymous_119)","line":3224,"loc":{"start":{"line":3224,"column":16},"end":{"line":3224,"column":33}}},"120":{"name":"(anonymous_120)","line":3290,"loc":{"start":{"line":3290,"column":15},"end":{"line":3290,"column":31}}},"121":{"name":"(anonymous_121)","line":3300,"loc":{"start":{"line":3300,"column":16},"end":{"line":3300,"column":33}}},"122":{"name":"(anonymous_122)","line":3365,"loc":{"start":{"line":3365,"column":15},"end":{"line":3365,"column":30}}},"123":{"name":"(anonymous_123)","line":3430,"loc":{"start":{"line":3430,"column":15},"end":{"line":3430,"column":31}}},"124":{"name":"(anonymous_124)","line":3440,"loc":{"start":{"line":3440,"column":16},"end":{"line":3440,"column":33}}},"125":{"name":"(anonymous_125)","line":3535,"loc":{"start":{"line":3535,"column":17},"end":{"line":3535,"column":28}}},"126":{"name":"(anonymous_126)","line":3625,"loc":{"start":{"line":3625,"column":15},"end":{"line":3625,"column":31}}},"127":{"name":"(anonymous_127)","line":3639,"loc":{"start":{"line":3639,"column":16},"end":{"line":3639,"column":33}}},"128":{"name":"(anonymous_128)","line":3732,"loc":{"start":{"line":3732,"column":34},"end":{"line":3732,"column":55}}},"129":{"name":"(anonymous_129)","line":3765,"loc":{"start":{"line":3765,"column":31},"end":{"line":3765,"column":68}}},"130":{"name":"(anonymous_130)","line":3872,"loc":{"start":{"line":3872,"column":11},"end":{"line":3872,"column":50}}},"131":{"name":"(anonymous_131)","line":3887,"loc":{"start":{"line":3887,"column":20},"end":{"line":3887,"column":48}}},"132":{"name":"(anonymous_132)","line":3894,"loc":{"start":{"line":3894,"column":24},"end":{"line":3894,"column":46}}},"133":{"name":"(anonymous_133)","line":3907,"loc":{"start":{"line":3907,"column":20},"end":{"line":3907,"column":47}}},"134":{"name":"(anonymous_134)","line":3935,"loc":{"start":{"line":3935,"column":36},"end":{"line":3935,"column":75}}},"135":{"name":"(anonymous_135)","line":3957,"loc":{"start":{"line":3957,"column":41},"end":{"line":3957,"column":80}}},"136":{"name":"(anonymous_136)","line":3976,"loc":{"start":{"line":3976,"column":34},"end":{"line":3976,"column":82}}},"137":{"name":"(anonymous_137)","line":3992,"loc":{"start":{"line":3992,"column":37},"end":{"line":3992,"column":78}}},"138":{"name":"(anonymous_138)","line":4030,"loc":{"start":{"line":4030,"column":36},"end":{"line":4030,"column":77}}},"139":{"name":"(anonymous_139)","line":4044,"loc":{"start":{"line":4044,"column":17},"end":{"line":4044,"column":30}}},"140":{"name":"(anonymous_140)","line":4075,"loc":{"start":{"line":4075,"column":16},"end":{"line":4075,"column":32}}},"141":{"name":"(anonymous_141)","line":4095,"loc":{"start":{"line":4095,"column":20},"end":{"line":4095,"column":63}}}},"statementMap":{"1":{"start":{"line":10,"column":1},"end":{"line":4187,"column":4}},"2":{"start":{"line":11,"column":2},"end":{"line":17,"column":3}},"3":{"start":{"line":12,"column":4},"end":{"line":12,"column":24}},"4":{"start":{"line":13,"column":9},"end":{"line":17,"column":3}},"5":{"start":{"line":14,"column":4},"end":{"line":14,"column":31}},"6":{"start":{"line":16,"column":4},"end":{"line":16,"column":32}},"7":{"start":{"line":129,"column":0},"end":{"line":163,"column":2}},"8":{"start":{"line":130,"column":1},"end":{"line":130,"column":17}},"9":{"start":{"line":132,"column":1},"end":{"line":132,"column":35}},"10":{"start":{"line":134,"column":1},"end":{"line":134,"column":47}},"11":{"start":{"line":135,"column":1},"end":{"line":135,"column":64}},"12":{"start":{"line":136,"column":1},"end":{"line":136,"column":64}},"13":{"start":{"line":137,"column":1},"end":{"line":137,"column":37}},"14":{"start":{"line":138,"column":1},"end":{"line":138,"column":37}},"15":{"start":{"line":139,"column":1},"end":{"line":139,"column":76}},"16":{"start":{"line":140,"column":1},"end":{"line":140,"column":68}},"17":{"start":{"line":141,"column":1},"end":{"line":141,"column":103}},"18":{"start":{"line":144,"column":1},"end":{"line":144,"column":28}},"19":{"start":{"line":145,"column":1},"end":{"line":147,"column":2}},"20":{"start":{"line":146,"column":2},"end":{"line":146,"column":56}},"21":{"start":{"line":150,"column":1},"end":{"line":150,"column":28}},"22":{"start":{"line":151,"column":1},"end":{"line":153,"column":2}},"23":{"start":{"line":152,"column":2},"end":{"line":152,"column":56}},"24":{"start":{"line":155,"column":1},"end":{"line":155,"column":59}},"25":{"start":{"line":156,"column":1},"end":{"line":156,"column":38}},"26":{"start":{"line":157,"column":1},"end":{"line":157,"column":40}},"27":{"start":{"line":158,"column":1},"end":{"line":158,"column":36}},"28":{"start":{"line":160,"column":1},"end":{"line":160,"column":24}},"29":{"start":{"line":161,"column":1},"end":{"line":161,"column":22}},"30":{"start":{"line":162,"column":1},"end":{"line":162,"column":24}},"31":{"start":{"line":189,"column":0},"end":{"line":192,"column":2}},"32":{"start":{"line":190,"column":1},"end":{"line":190,"column":44}},"33":{"start":{"line":191,"column":1},"end":{"line":191,"column":38}},"34":{"start":{"line":229,"column":0},"end":{"line":232,"column":2}},"35":{"start":{"line":230,"column":1},"end":{"line":230,"column":44}},"36":{"start":{"line":231,"column":1},"end":{"line":231,"column":39}},"37":{"start":{"line":243,"column":0},"end":{"line":243,"column":29}},"38":{"start":{"line":246,"column":0},"end":{"line":919,"column":2}},"39":{"start":{"line":513,"column":2},"end":{"line":513,"column":33}},"40":{"start":{"line":513,"column":21},"end":{"line":513,"column":33}},"41":{"start":{"line":515,"column":2},"end":{"line":524,"column":3}},"42":{"start":{"line":516,"column":3},"end":{"line":516,"column":70}},"43":{"start":{"line":519,"column":3},"end":{"line":523,"column":5}},"44":{"start":{"line":539,"column":2},"end":{"line":539,"column":47}},"45":{"start":{"line":539,"column":28},"end":{"line":539,"column":47}},"46":{"start":{"line":541,"column":2},"end":{"line":549,"column":3}},"47":{"start":{"line":542,"column":3},"end":{"line":542,"column":52}},"48":{"start":{"line":545,"column":3},"end":{"line":548,"column":5}},"49":{"start":{"line":564,"column":2},"end":{"line":572,"column":3}},"50":{"start":{"line":565,"column":3},"end":{"line":565,"column":48}},"51":{"start":{"line":568,"column":3},"end":{"line":571,"column":7}},"52":{"start":{"line":608,"column":2},"end":{"line":611,"column":19}},"53":{"start":{"line":615,"column":2},"end":{"line":631,"column":3}},"54":{"start":{"line":616,"column":3},"end":{"line":617,"column":33}},"55":{"start":{"line":619,"column":3},"end":{"line":630,"column":4}},"56":{"start":{"line":620,"column":4},"end":{"line":624,"column":5}},"57":{"start":{"line":621,"column":5},"end":{"line":621,"column":27}},"58":{"start":{"line":623,"column":5},"end":{"line":623,"column":66}},"59":{"start":{"line":626,"column":10},"end":{"line":630,"column":4}},"60":{"start":{"line":627,"column":4},"end":{"line":627,"column":77}},"61":{"start":{"line":629,"column":4},"end":{"line":629,"column":51}},"62":{"start":{"line":637,"column":2},"end":{"line":637,"column":43}},"63":{"start":{"line":643,"column":2},"end":{"line":643,"column":50}},"64":{"start":{"line":645,"column":2},"end":{"line":645,"column":17}},"65":{"start":{"line":660,"column":2},"end":{"line":660,"column":77}},"66":{"start":{"line":660,"column":3
[...]
c to"," * filter out any false positives that have been matched by the"," * {@link Autolinker.matcher.Url UrlMatcher}."," */","Autolinker.matcher.UrlMatchValidator = {","","\t/**","\t * Regex to test for a full protocol, with the two trailing slashes. Ex: 'http://'","\t *","\t * @private","\t * @property {RegExp} hasFullProtocolRegex","\t */","\thasFullProtocolRegex : /^[A-Za-z][-.+A-Za-z0-9]*:\\/\\//,","","\t/**","\t * Regex to find the URI scheme, such as 'mailto:'.","\t *","\t * This is used to filter out 'javascript:' and 'vbscript:' schemes.","\t *","\t * @private","\t * @property {RegExp} uriSchemeRegex","\t */","\turiSchemeRegex : /^[A-Za-z][-.+A-Za-z0-9]*:/,","","\t/**","\t * Regex to determine if at least one word char exists after the protocol (i.e. after the ':')","\t *","\t * @private","\t * @property {RegExp} hasWordCharAfterProtocolRegex","\t */","\thasWordCharAfterProtocolRegex : new RegExp(\":[^\\\\s]*?[\" + Autolinker.RegexLib.alphaCharsStr + \"]\"),","","\t/**","\t * Regex to determine if the string is a valid IP address","\t *","\t * @private","\t * @property {RegExp} ipRegex","\t */","\tipRegex: /[0-9][0-9]?[0-9]?\\.[0-9][0-9]?[0-9]?\\.[0-9][0-9]?[0-9]?\\.[0-9][0-9]?[0-9]?(:[0-9]*)?\\/?$/,","","\t/**","\t * Determines if a given URL match found by the {@link Autolinker.matcher.Url UrlMatcher}","\t * is valid. Will return `false` for:","\t *","\t * 1) URL matches which do not have at least have one period ('.') in the","\t *    domain name (effectively skipping over matches like \"abc:def\").","\t *    However, URL matches with a protocol will be allowed (ex: 'http://localhost')","\t * 2) URL matches which do not have at least one word character in the","\t *    domain name (effectively skipping over matches like \"git:1.0\").","\t * 3) A protocol-relative url match (a URL beginning with '//') whose","\t *    previous character is a word character (effectively skipping over","\t *    strings like \"abc//google.com\")","\t *","\t * Otherwise, returns `true`.","\t *","\t * @param {String} urlMatch The matched URL, if there was one. Will be an","\t *   empty string if the match is not a URL match.","\t * @param {String} protocolUrlMatch The match URL string for a protocol","\t *   match. Ex: 'http://yahoo.com'. This is used to match something like","\t *   'http://localhost', where we won't double check that the domain name","\t *   has at least one '.' in it.","\t * @return {Boolean} `true` if the match given is valid and should be","\t *   processed, or `false` if the match is invalid and/or should just not be","\t *   processed.","\t */","\tisValid : function( urlMatch, protocolUrlMatch ) {","\t\tif(","\t\t\t( protocolUrlMatch && !this.isValidUriScheme( protocolUrlMatch ) ) ||","\t\t\tthis.urlMatchDoesNotHaveProtocolOrDot( urlMatch, protocolUrlMatch ) ||    // At least one period ('.') must exist in the URL match for us to consider it an actual URL, *unless* it was a full protocol match (like 'http://localhost')","\t\t\t(this.urlMatchDoesNotHaveAtLeastOneWordChar( urlMatch, protocolUrlMatch ) && // At least one letter character must exist in the domain name after a protocol match. Ex: skip over something like \"git:1.0\"","\t\t\t   !this.isValidIpAddress( urlMatch )) || // Except if it's an IP address","\t\t\tthis.containsMultipleDots( urlMatch )","\t\t) {","\t\t\treturn false;","\t\t}","","\t\treturn true;","\t},","","","\tisValidIpAddress : function ( uriSchemeMatch ) {","\t\tvar newRegex = new RegExp(this.hasFullProtocolRegex.source + this.ipRegex.source);","\t\tvar uriScheme = uriSchemeMatch.match( newRegex );","","\t\treturn uriScheme !== null;","\t},","","\tcontainsMultipleDots : function ( urlMatch ) {","\t\treturn urlMatch.indexOf(\"..\") > -1;","\t},","","\t/**","\t * Determines if the URI scheme is a valid scheme to be autolinked. Returns","\t * `false` if the scheme is 'javascript:' or 'vbscript:'","\t *","\t * @private","\t * @param {String} uriSchemeMatch The match URL string for a full URI scheme","\t *   match. Ex: 'http://yahoo.com' or 'mailto:a@a.com'.","\t * @return {Boolean} `true` if the scheme is a valid one, `false` otherwise.","\t */","\tisValidUriScheme : function( uriSchemeMatch ) {","\t\tvar uriScheme = uriSchemeMatch.match( this.uriSchemeRegex )[ 0 ].toLowerCase();","","\t\treturn ( uriScheme !== 'javascript:' && uriScheme !== 'vbscript:' );","\t},","","","\t/**","\t * Determines if a URL match does not have either:","\t *","\t * a) a full protocol (i.e. 'http://'), or","\t * b) at least one dot ('.') in the domain name (for a non-full-protocol","\t *    match).","\t *","\t * Either situation is considered an invalid URL (ex: 'git:d' does not have","\t * either the '://' part, or at least one dot in the domain name. If the","\t * match was 'git:abc.com', we would consider this valid.)","\t *","\t * @private","\t * @param {String} urlMatch The matched URL, if there was one. Will be an","\t *   empty string if the match is not a URL match.","\t * @param {String} protocolUrlMatch The match URL string for a protocol","\t *   match. Ex: 'http://yahoo.com'. This is used to match something like","\t *   'http://localhost', where we won't double check that the domain name","\t *   has at least one '.' in it.","\t * @return {Boolean} `true` if the URL match does not have a full protocol,","\t *   or at least one dot ('.') in a non-full-protocol match.","\t */","\turlMatchDoesNotHaveProtocolOrDot : function( urlMatch, protocolUrlMatch ) {","\t\treturn ( !!urlMatch && ( !protocolUrlMatch || !this.hasFullProtocolRegex.test( protocolUrlMatch ) ) && urlMatch.indexOf( '.' ) === -1 );","\t},","","","\t/**","\t * Determines if a URL match does not have at least one word character after","\t * the protocol (i.e. in the domain name).","\t *","\t * At least one letter character must exist in the domain name after a","\t * protocol match. Ex: skip over something like \"git:1.0\"","\t *","\t * @private","\t * @param {String} urlMatch The matched URL, if there was one. Will be an","\t *   empty string if the match is not a URL match.","\t * @param {String} protocolUrlMatch The match URL string for a protocol","\t *   match. Ex: 'http://yahoo.com'. This is used to know whether or not we","\t *   have a protocol in the URL string, in order to check for a word","\t *   character after the protocol separator (':').","\t * @return {Boolean} `true` if the URL match does not have at least one word","\t *   character in it after the protocol, `false` otherwise.","\t */","\turlMatchDoesNotHaveAtLeastOneWordChar : function( urlMatch, protocolUrlMatch ) {","\t\tif( urlMatch && protocolUrlMatch ) {","\t\t\treturn !this.hasWordCharAfterProtocolRegex.test( urlMatch );","\t\t} else {","\t\t\treturn false;","\t\t}","\t}","","};","","/*global Autolinker */","/**"," * A truncation feature where the ellipsis will be placed at the end of the URL."," *"," * @param {String} anchorText"," * @param {Number} truncateLen The maximum length of the truncated output URL string."," * @param {String} ellipsisChars The characters to place within the url, e.g. \"..\"."," * @return {String} The truncated URL."," */","Autolinker.truncate.TruncateEnd = function(anchorText, truncateLen, ellipsisChars){","\treturn Autolinker.Util.ellipsis( anchorText, truncateLen, ellipsisChars );","};","","/*global Autolinker */","/**"," * Date: 2015-10-05"," * Author: Kasper Søfren <soefritz@gmail.com> (https://github.com/kafoso)"," *"," * A truncation feature, where the ellipsis will be placed in the dead-center of the URL."," *"," * @param {String} url             A URL."," * @param {Number} truncateLen     The maximum length of the truncated output URL string."," * @param {String} ellipsisChars   The characters to place within the url, e.g. \"..\"."," * @return {String} The truncated URL."," */","Autolinker.truncate.TruncateMiddle = function(url, truncateLen, ellipsisChars){","  if (url.length <= truncateLen) {","    return url;","  }","","  var ellipsisLengthBeforeParsing;","  var ellipsisLength;","","  if(ellipsisChars == null) {","    ellipsisChars = '&hellip;';","    ellipsisLengthBeforeParsing = 8;","    ellipsisLength = 3;","  } else {","    ellipsisLengthBeforeParsing = ellipsisChars.length;","    ellipsisLength = ellipsisChars.length;","  }","","  var availableLength = truncateLen - ellipsisLength;","  var end = \"\";","  if (availableLength > 0) {","    end = url.substr((-1)*Math.floor(availableLength/2));","  }","  return (url.substr(0, Math.ceil(availableLength/2)) + ellipsisChars + end).substr(0, availableLength + ellipsisLengthBeforeParsing);","};","","/*global Autolinker */","/**"," * Date: 2015-10-05"," * Author: Kasper Søfren <soefritz@gmail.com> (https://github.com/kafoso)"," *"," * A truncation feature, where the ellipsis will be placed at a section within"," * the URL making it still somewhat human readable."," *"," * @param {String} url\t\t\t\t\t\t A URL."," * @param {Number} truncateLen\t\t The maximum length of the truncated output URL string."," * @param {String} ellipsisChars\t The characters to place within the url, e.g. \"...\"."," * @return {String} The truncated URL."," */","Autolinker.truncate.TruncateSmart = function(url, truncateLen, ellipsisChars){","","\tvar ellipsisLengthBeforeParsing;","\tvar ellipsisLength;","","\tif(ellipsisChars == null) {","\t\tellipsisChars = '&hellip;';","\t\tellipsisLength = 3;","\t\tellipsisLengthBeforeParsing = 8;","\t} else {","\t\tellipsisLength = ellipsisChars.length;","\t\tellipsisLengthBeforeParsing = ellipsisChars.length;","\t}","","\tvar parse_url = function(url){ // Functionality inspired by PHP function of same name","\t\tvar urlObj = {};","\t\tvar urlSub = url;","\t\tvar match = urlSub.match(/^([a-z]+):\\/\\//i);","\t\tif (match) {","\t\t\turlObj.scheme = match[1];","\t\t\turlSub = urlSub.substr(match[0].length);","\t\t}","\t\tmatch = urlSub.match(/^(.*?)(?=(\\?|#|\\/|$))/i);","\t\tif (match) {","\t\t\turlObj.host = match[1];","\t\t\turlSub = urlSub.substr(match[0].length);","\t\t}","\t\tmatch = urlSub.match(/^\\/(.*?)(?=(\\?|#|$))/i);","\t\tif (match) {","\t\t\turlObj.path = match[1];","\t\t\turlSub = urlSub.substr(match[0].length);","\t\t}","\t\tmatch = urlSub.match(/^\\?(.*?)(?=(#|$))/i);","\t\tif (match) {","\t\t\turlObj.query = match[1];","\t\t\turlSub = urlSub.substr(match[0].length);","\t\t}","\t\tmatch = urlSub.match(/^#(.*?)$/i);","\t\tif (match) {","\t\t\turlObj.fragment = match[1];","\t\t\t//urlSub = urlSub.substr(match[0].length);  -- not used. Uncomment if adding another block.","\t\t}","\t\treturn urlObj;","\t};","","\tvar buildUrl = function(urlObj){","\t\tvar url = \"\";","\t\tif (urlObj.scheme && urlObj.host) {","\t\t\turl += urlObj.scheme + \"://\";","\t\t}","\t\tif (urlObj.host) {","\t\t\turl += urlObj.host;","\t\t}","\t\tif (urlObj.path) {","\t\t\turl += \"/\" + urlObj.path;","\t\t}","\t\tif (urlObj.query) {","\t\t\turl += \"?\" + urlObj.query;","\t\t}","\t\tif (urlObj.fragment) {","\t\t\turl += \"#\" + urlObj.fragment;","\t\t}","\t\treturn url;","\t};","","\tvar buildSegment = function(segment, remainingAvailableLength){","\t\tvar remainingAvailableLengthHalf = remainingAvailableLength/ 2,","\t\t\t\tstartOffset = Math.ceil(remainingAvailableLengthHalf),","\t\t\t\tendOffset = (-1)*Math.floor(remainingAvailableLengthHalf),","\t\t\t\tend = \"\";","\t\tif (endOffset < 0) {","\t\t\tend = segment.substr(endOffset);","\t\t}","\t\treturn segment.substr(0, startOffset) + ellipsisChars + end;","\t};","\tif (url.length <= truncateLen) {","\t\treturn url;","\t}","\tvar availableLength = truncateLen - ellipsisLength;","\tvar urlObj = parse_url(url);","\t// Clean up the URL","\tif (urlObj.query) {","\t\tvar matchQuery = urlObj.query.match(/^(.*?)(?=(\\?|\\#))(.*?)$/i);","\t\tif (matchQuery) {","\t\t\t// Malformed URL; two or more \"?\". Removed any content behind the 2nd.","\t\t\turlObj.query = urlObj.query.substr(0, matchQuery[1].length);","\t\t\turl = buildUrl(urlObj);","\t\t}","\t}","\tif (url.length <= truncateLen) {","\t\treturn url;","\t}","\tif (urlObj.host) {","\t\turlObj.host = urlObj.host.replace(/^www\\./, \"\");","\t\turl = buildUrl(urlObj);","\t}","\tif (url.length <= truncateLen) {","\t\treturn url;","\t}","\t// Process and build the URL","\tvar str = \"\";","\tif (urlObj.host) {","\t\tstr += urlObj.host;","\t}","\tif (str.length >= availableLength) {","\t\tif (urlObj.host.length == truncateLen) {","\t\t\treturn (urlObj.host.substr(0, (truncateLen - ellipsisLength)) + ellipsisChars).substr(0, availableLength + ellipsisLengthBeforeParsing);","\t\t}","\t\treturn buildSegment(str, availableLength).substr(0, availableLength + ellipsisLengthBeforeParsing);","\t}","\tvar pathAndQuery = \"\";","\tif (urlObj.path) {","\t\tpathAndQuery += \"/\" + urlObj.path;","\t}","\tif (urlObj.query) {","\t\tpathAndQuery += \"?\" + urlObj.query;","\t}","\tif (pathAndQuery) {","\t\tif ((str+pathAndQuery).length >= availableLength) {","\t\t\tif ((str+pathAndQuery).length == truncateLen) {","\t\t\t\treturn (str + pathAndQuery).substr(0, truncateLen);","\t\t\t}","\t\t\tvar remainingAvailableLength = availableLength - str.length;","\t\t\treturn (str + buildSegment(pathAndQuery, remainingAvailableLength)).substr(0, availableLength + ellipsisLengthBeforeParsing);","\t\t} else {","\t\t\tstr += pathAndQuery;","\t\t}","\t}","\tif (urlObj.fragment) {","\t\tvar fragment = \"#\"+urlObj.fragment;","\t\tif ((str+fragment).length >= availableLength) {","\t\t\tif ((str+fragment).length == truncateLen) {","\t\t\t\treturn (str + fragment).substr(0, truncateLen);","\t\t\t}","\t\t\tvar remainingAvailableLength2 = availableLength - str.length;","\t\t\treturn (str + buildSegment(fragment, remainingAvailableLength2)).substr(0, availableLength + ellipsisLengthBeforeParsing);","\t\t} else {","\t\t\tstr += fragment;","\t\t}","\t}","\tif (urlObj.scheme && urlObj.host) {","\t\tvar scheme = urlObj.scheme + \"://\";","\t\tif ((str+scheme).length < availableLength) {","\t\t\treturn (scheme + str).substr(0, truncateLen);","\t\t}","\t}","\tif (str.length <= truncateLen) {","\t\treturn str;","\t}","\tvar end = \"\";","\tif (availableLength > 0) {","\t\tend = str.substr((-1)*Math.floor(availableLength/2));","\t}","\treturn (str.substr(0, Math.ceil(availableLength/2)) + ellipsisChars + end).substr(0, availableLength + ellipsisLengthBeforeParsing);","};","","return Autolinker;","}));",""],"l":{"10":1,"11":1,"12":0,"13":1,"14":1,"16":0,"129":1,"130":0,"132":0,"134":0,"135":0,"136":0,"137":0,"138":0,"139":0,"140":0,"141":0,"144":0,"145":0,"146":0,"150":0,"151":0,"152":0,"155":0,"156":0,"157":0,"158":0,"160":0,"161":0,"162":0,"189":1,"190":0,"191":0,"229":1,"230":0,"231":0,"243":1,"246":1,"513":0,"515":0,"516":0,"519":0,"539":0,"541":0,"542":0,"545":0,"564":0,"565":0,"568":0,"608":0,"615":0,"616":0,"619":0,"620":0,"621":0,"623":0,"626":0,"627":0,"629":0,"637":0,"643":0,"645":0,"660":0,"662":0,"663":0,"668":0,"670":0,"671":0,"672":0,"673":0,"677":0,"678":0,"683":0,"699":0,"701":0,"702":0,"703":0,"704":0,"705":0,"706":0,"708":0,"709":0,"711":0,"712":0,"715":0,"741":0,"742":0,"745":0,"746":0,"752":0,"753":0,"756":0,"758":0,"781":0,"783":0,"787":0,"788":0,"790":0,"791":0,"793":0,"795":0,"797":0,"815":0,"816":0,"817":0,"820":0,"821":0,"823":0,"824":0,"826":0,"827":0,"831":0,"833":0,"846":0,"848":0,"849":0,"852":0,"864":0,"865":0,"868":0,"876":0,"879":0,"906":0,"908":0,"909":0,"916":0,"924":1,"925":1,"926":1,"927":1,"937":1,"944":0,"965":20,"966":102,"967":102,"971":20,"984":0,"985":0,"986":0,"990":0,"1003":20,"1005":20,"1006":20,"1008":20,"1009":20,"1010":13,"1012":7,"1015":20,"1016":20,"1017":20,"1019":20,"1020":20,"1022":20,"1037":0,"1039":0,"1040":0,"1041":0,"1042":0,"1044":0,"1047":0,"1049":0,"1061":0,"1062":0,"1065":0,"1066":0,"1068":0,"1088":0,"1089":0,"1090":0,"1120":0,"1122":0,"1126":0,"1127":0,"1128":0,"1130":0,"1132":0,"1134":0,"1145":0,"1226":1,"1276":0,"1278":0,"1289":0,"1290":0,"1300":0,"1312":0,"1313":0,"1315":0,"1326":0,"1337":0,"1338":0,"1340":0,"1350":0,"1361":0,"1372":0,"1379":0,"1380":0,"1381":0,"1385":0,"1386":0,"1397":0,"1404":0,"1405":0,"1406":0,"1407":0,"1411":0,"1412":0,"1423":0,"1434":0,"1445":0,"1447":0,"1457":0,"1467":0,"1470":0,"1472":0,"1484":0,"1486":0,"1489":0,"1490":0,"1491":0,"1494":0,"1510":1,"1527":1,"1543":1,"1547":1,"1551":1,"1553":1,"1620":1,"1643":0,"1645":0,"1646":0,"1647":0,"1660":0,"1678":0,"1682":0,"1683":0,"1684":0,"1686":0,"1687":0,"1688":0,"1691":0,"1692":0,"1693":0,"1697":0,"1722":0,"1724":0,"1725":0,"1728":0,"1731":0,"1732":0,"1734":0,"1749":0,"1751":0,"1767":0,"1768":0,"1770":0,"1773":0,"1774":0,"1776":0,"1777":0,"1780":0,"1797":1,"1816":1,"1822":1,"1907":0,"1913":0,"1914":0,"1922":0,"1923":0,"1924":0,"1928":0,"1929":0,"1931":0,"1934":0,"1938":0,"1939":0,"1942":0,"1943":0,"1949":0,"1950":0,"1955":0,"1973":0,"1979":0,"1980":0,"1983":0,"1984":0,"1985":0,"1987":0,"1988":0,"1989":0,"1992":0,"2007":0,"2030":0,"2050":0,"2064":0,"2087":1,"2119":0,"2121":0,"2122":0,"2142":0,"2152":0,"2167":1,"2184":0,"2194":0,"2208":1,"2232":0,"2243":0,"2254":0,"2273":1,"2281":0,"2295":1,"2303":0,"2339":1,"2367":0,"2368":0,"2369":0,"2371":0,"2372":0,"2373":0,"2392":0,"2409":0,"2420":0,"2464":0,"2484":0,"2498":1,"2513":0,"2515":0,"2517":0,"2527":0,"2537":0,"2547":0,"2557":0,"2572":1,"2594":0,"2597":0,"2599":0,"2600":0,"2610":0,"2621":0,"2631":0,"2641":0,"2644":0,"2646":0,"2648":0,"2650":0,"2653":0,"2664":0,"2680":1,"2708":0,"2710":0,"2711":0,"2713":0,"2714":0,"2724":0,"2737":0,"2747":0,"2757":0,"2771":1,"2793":0,"2795":0,"2796":0,"2798":0,"2799":0,"2809":0,"2819":0,"2830":0,"2840":0,"2842":0,"2844":0,"2847":0,"2858":0,"2870":0,"2873":0,"2874":0,"2876":0,"2890":1,"2940":0,"2942":0,"2943":0,"2944":0,"2945":0,"2946":0,"2947":0,"2949":0,"2950":0,"2951":0,"2952":0,"2953":0,"2954":0,"3000":0,"3016":0,"3027":0,"3030":0,"3031":0,"3033":0,"3036":0,"3046":0,"3048":0,"3058":0,"3060":0,"3062":0,"3064":0,"3065":0,"3067":0,"3068":0,"3070":0,"3071":0,"3074":0,"3092":0,"3105":0,"3118":0,"3131":0,"3132":0,"3134":0,"3142":1,"3155":1,"3171":0,"3173":0,"3197":1,"3208":1,"3213":1,"3225":0,"3230":0,"3231":0,"3233":0,"3241":0,"3253":1,"3291":0,"3293":0,"3301":0,"3308":0,"3309":0,"3315":0,"3316":0,"3319":0,"3329":0,"3343":1,"3366":0,"3371":0,"3373":0,"3376":0,"3377":0,"3387":0,"3398":1,"3431":0,"3433":0,"3441":0,"3448":0,"3449":0,"3452":0,"3453":0,"3459":0,"3460":0,"3463":0,"3473":0,"3487":1,"3536":1,"3546":1,"3626":0,"3628":0,"3629":0,"3631":0,"3632":0,"3640":0,"3647":0,"3648":0,"3658":0,"3659":0,"3664":0,"3665":0,"3672":0,"3673":0,"3676":0,"3677":0,"3683":0,"3684":0,"3687":0,"3688":0,"3689":0,"3693":0,"3696":0,"3709":0,"3733":0,"3735":0,"3736":0,"3741":0,"3742":0,"3746":0,"3766":0,"3767":0,"3770":0,"3771":0,"3772":0,"3773":0,"3776":0,"3778":0,"3779":0,"3780":0,"3781":0,"3784":0,"3785":0,"3786":0,"3787":0,"3790":0,"3811":1,"3873":0,"3880":0,"3883":0,"3888":0,"3889":0,"3891":0,"3895":0,"3908":0,"3910":0,"3936":0,"3958":0,"3959":0,"3961":0,"3976":1,"3977":0,"3992":1,"3993":0,"3994":0,"3997":0,"3998":0,"4000":0,"4001":0,"4002":0,"4003":0,"4005":0,"4006":0,"4009":0,"4010":0,"4011":0,"4012":0,"4014":0,"4030":1,"4032":0,"4033":0,"4035":0,"4036":0,"4037":0,"4038":0,"4040":0,"4041":0,"4044":0,"4045":0,"4046":0,"4047":0,"4048":0,"4049":0,"4050":0,"4052":0,"4053":0,"4054":0,"4055":0,"4057":0,"4058":0,"4059":0,"4060":0,"4062":0,"4063":0,"4064":0,"4065":0,"4067":0,"4068":0,"4069":0,"4072":0,"4075":0,"4076":0,"4077":0,"4078":0,"4080":0,"4081":0,"4083":0,"4084":0,"4086":0,"4087":0,"4089":0,"4090":0,"4092":0,"4095":0,"4096":0,"4100":0,"4101":0,"4103":0,"4105":0,"4106":0,"4108":0,"4109":0,"4111":0,"4112":0,"4113":0,"4115":0,"4116":0,"4119":0,"4120":0,"4122":0,"4123":0,"4124":0,"4126":0,"4127":0,"4130":0,"4131":0,"4132":0,"4134":0,"4135":0,"4136":0,"4138":0,"4140":0,"4141":0,"4142":0,"4144":0,"4145":0,"4147":0,"4148":0,"4149":0,"4150":0,"4152":0,"4153":0,"4155":0,"4158":0,"4159":0,"4160":0,"4161":0,"4162":0,"4164":0,"4165":0,"4167":0,"4170":0,"4171":0,"4172":0,"4173":0,"4176":0,"4177":0,"4179":0,"4180":0,"4181":0,"4183":0,"4186":1}}}